"D:/Developer/Jablo/UNREAL_AKTUALNY_PROJEKT/MyProject4/MyProject4.uproject" 1
"../../../Engine/Plugins/Developer/BlankPlugin/BlankPlugin.uplugin" 2
"../../../Engine/Plugins/Developer/PerforceSourceControl/PerforceSourceControl.uplugin" 3
"../../../Engine/Plugins/Developer/SubversionSourceControl/SubversionSourceControl.uplugin" 4
"../../../Engine/Plugins/Developer/UObjectPlugin/UObjectPlugin.uplugin" 5
"../../../Engine/Plugins/Developer/VisualStudioSourceCodeAccess/VisualStudioSourceCodeAccess.uplugin" 6
"../../../Engine/Plugins/Developer/XCodeSourceCodeAccess/XCodeSourceCodeAccess.uplugin" 7
"../../../Engine/Plugins/Editor/EpicSurvey/EpicSurvey.uplugin" 8
"../../../Engine/Plugins/Editor/PluginsEditor/PluginsEditor.uplugin" 9
"../../../Engine/Plugins/Editor/SpeedTreeImporter/SpeedTreeImporter.uplugin" 10
"../../../Engine/Plugins/Experimental/BlueprintStats/BlueprintStats.uplugin" 11
"../../../Engine/Plugins/Experimental/CodeView/CodeView.uplugin" 12
"../../../Engine/Plugins/Experimental/LiveEditor/LiveEditor.uplugin" 13
"../../../Engine/Plugins/Experimental/Paper2D/Paper2D.uplugin" 14
"../../../Engine/Plugins/Experimental/Phya/Phya.uplugin" 15
"../../../Engine/Plugins/Messaging/MessagingDebugger/MessagingDebugger.uplugin" 16
"../../../Engine/Plugins/Messaging/UdpMessaging/UdpMessaging.uplugin" 17
"../../../Engine/Plugins/OculusRift/OculusRift.uplugin" 18
"../../../Engine/Plugins/Runtime/Advertising/IOSTapJoy/IOSTapJoy.uplugin" 19
"../../../Engine/Plugins/Runtime/AndroidDeviceProfileSelector/AndroidDeviceProfileSelector.uplugin" 20
"../../../Engine/Plugins/Runtime/AppleMoviePlayer/AppleMoviePlayer.uplugin" 21
"../../../Engine/Plugins/Runtime/CableComponent/CableComponent.uplugin" 22
"../../../Engine/Plugins/Runtime/CustomMeshComponent/CustomMeshComponent.uplugin" 23
"../../../Engine/Plugins/Runtime/ExampleDeviceProfileSelector/ExampleDeviceProfileSelector.uplugin" 24
"../../../Engine/Plugins/Runtime/IOSDeviceProfileSelector/IOSDeviceProfileSelector.uplugin" 25
"../../../Engine/Plugins/Runtime/LiveEditorListenServer/LiveEditorListenServer.uplugin" 26
"../../../Engine/Plugins/Runtime/SoundMod/SoundMod.uplugin" 27
"../../../Engine/Plugins/Runtime/SoundVisualizations/SoundVisualizations.uplugin" 28
"../../../Engine/Plugins/Runtime/TwitchLiveStreaming/TwitchLiveStreaming.uplugin" 29
"../../../Engine/Plugins/Runtime/WindowsDeviceProfileSelector/WindowsDeviceProfileSelector.uplugin" 30
"../../../Engine/Plugins/Runtime/WindowsMoviePlayer/WindowsMoviePlayer.uplugin" 31
"../../../Engine/Plugins/Script/ScriptEditorPlugin/ScriptEditorPlugin.uplugin" 32
"../../../Engine/Plugins/Script/ScriptGeneratorPlugin/ScriptGeneratorPlugin.uplugin" 33
"../../../Engine/Plugins/Script/ScriptPlugin/ScriptPlugin.uplugin" 34
"../../../Engine/Plugins/Slate/SlateRemote/SlateRemote.uplugin" 35
"..\..\..\Engine\Content\Localization\ICU\icudt53l\cnvalias.icu" 36
"..\..\..\Engine\Content\Localization\ICU\icudt53l\res_index.res" 37
"..\..\..\Engine\Content\Localization\ICU\icudt53l\coll\ucadata.icu" 38
"..\..\..\Engine\Content\Localization\ICU\icudt53l\nfc.nrm" 39
"..\..\..\Engine\Content\Localization\ICU\icudt53l\coll\de.res" 40
"..\..\..\Engine\Content\Localization\ICU\icudt53l\coll\root.res" 41
"..\..\..\Engine\Content\Localization\ICU\icudt53l\de.res" 42
"..\..\..\Engine\Content\Localization\ICU\icudt53l\pool.res" 43
"..\..\..\Engine\Content\Localization\ICU\icudt53l\root.res" 44
"..\..\..\Engine\Content\Localization\ICU\icudt53l\numberingSystems.res" 45
"..\..\..\Engine\Content\Localization\ICU\icudt53l\curr\supplementalData.res" 46
"..\..\..\Engine\Content\Localization\ICU\icudt53l\curr\pool.res" 47
"..\..\..\Engine\Content\Localization\ICU\icudt53l\curr\de.res" 48
"..\..\..\Engine\Content\Localization\ICU\icudt53l\curr\root.res" 49
"..\..\..\Engine\Content\Localization\ICU\icudt53l\pl_PL.res" 50
"..\..\..\Engine\Content\Localization\ICU\icudt53l\pl.res" 51
"..\..\..\Engine\Content\Localization\ICU\icudt53l\plurals.res" 52
"..\..\..\Engine\Content\Localization\ICU\icudt53l\windowsZones.res" 53
"..\..\..\Engine\Content\Localization\ICU\icudt53l\zoneinfo64.res" 54
"..\..\..\Engine\Content\Localization\ICU\icudt53l\keyTypeData.res" 55
"..\..\..\Engine\Content\Localization\ICU\icudt53l\timezoneTypes.res" 56
"..\..\..\Engine\Content\Localization\ICU\icudt53l\likelySubtags.res" 57
"..\..\..\Engine\Content\Localization\ICU\icudt53l\supplementalData.res" 58
"..\..\..\Engine\Content\Localization\ICU\icudt53l\de_DE.res" 59
"..\..\..\Engine\Content\Localization\ICU\icudt53l\de_AT.res" 60
"..\..\..\Engine\Content\Localization\ICU\icudt53l\de_BE.res" 61
"..\..\..\Engine\Content\Localization\ICU\icudt53l\de_CH.res" 62
"..\..\..\Engine\Content\Localization\ICU\icudt53l\curr\de_CH.res" 63
"..\..\..\Engine\Content\Localization\ICU\icudt53l\de_LI.res" 64
"..\..\..\Engine\Content\Localization\ICU\icudt53l\de_LU.res" 65
"..\..\..\Engine\Content\Localization\ICU\icudt53l\curr\de_LU.res" 66
"..\..\..\Engine\Content\Localization\ICU\icudt53l\coll\en.res" 67
"..\..\..\Engine\Content\Localization\ICU\icudt53l\en.res" 68
"..\..\..\Engine\Content\Localization\ICU\icudt53l\curr\en.res" 69
"..\..\..\Engine\Content\Localization\ICU\icudt53l\en_US.res" 70
"..\..\..\Engine\Content\Localization\ICU\icudt53l\en_001.res" 71
"..\..\..\Engine\Content\Localization\ICU\icudt53l\curr\en_001.res" 72
"..\..\..\Engine\Content\Localization\ICU\icudt53l\en_150.res" 73
"..\..\..\Engine\Content\Localization\ICU\icudt53l\en_GB.res" 74
"..\..\..\Engine\Content\Localization\ICU\icudt53l\curr\en_150.res" 75
"..\..\..\Engine\Content\Localization\ICU\icudt53l\curr\en_GB.res" 76
"..\..\..\Engine\Content\Localization\ICU\icudt53l\en_AG.res" 77
"..\..\..\Engine\Content\Localization\ICU\icudt53l\curr\en_AG.res" 78
"..\..\..\Engine\Content\Localization\ICU\icudt53l\en_AI.res" 79
"..\..\..\Engine\Content\Localization\ICU\icudt53l\curr\en_AI.res" 80
"..\..\..\Engine\Content\Localization\ICU\icudt53l\en_AS.res" 81
"..\..\..\Engine\Content\Localization\ICU\icudt53l\en_AU.res" 82
"..\..\..\Engine\Content\Localization\ICU\icudt53l\curr\en_AU.res" 83
"..\..\..\Engine\Content\Localization\ICU\icudt53l\en_BB.res" 84
"..\..\..\Engine\Content\Localization\ICU\icudt53l\curr\en_BB.res" 85
"..\..\..\Engine\Content\Localization\ICU\icudt53l\en_BE.res" 86
"..\..\..\Engine\Content\Localization\ICU\icudt53l\curr\en_BE.res" 87
"..\..\..\Engine\Content\Localization\ICU\icudt53l\en_BM.res" 88
"..\..\..\Engine\Content\Localization\ICU\icudt53l\curr\en_BM.res" 89
"..\..\..\Engine\Content\Localization\ICU\icudt53l\en_BS.res" 90
"..\..\..\Engine\Content\Localization\ICU\icudt53l\curr\en_BS.res" 91
"..\..\..\Engine\Content\Localization\ICU\icudt53l\en_BW.res" 92
"..\..\..\Engine\Content\Localization\ICU\icudt53l\curr\en_BW.res" 93
"..\..\..\Engine\Content\Localization\ICU\icudt53l\en_BZ.res" 94
"..\..\..\Engine\Content\Localization\ICU\icudt53l\curr\en_BZ.res" 95
"..\..\..\Engine\Content\Localization\ICU\icudt53l\en_CA.res" 96
"..\..\..\Engine\Content\Localization\ICU\icudt53l\curr\en_CA.res" 97
"..\..\..\Engine\Content\Localization\ICU\icudt53l\en_CC.res" 98
"..\..\..\Engine\Content\Localization\ICU\icudt53l\curr\en_CC.res" 99
"..\..\..\Engine\Content\Localization\ICU\icudt53l\en_CK.res" 100
"..\..\..\Engine\Content\Localization\ICU\icudt53l\curr\en_CK.res" 101
"..\..\..\Engine\Content\Localization\ICU\icudt53l\en_CM.res" 102
"..\..\..\Engine\Content\Localization\ICU\icudt53l\curr\en_CM.res" 103
"..\..\..\Engine\Content\Localization\ICU\icudt53l\en_CX.res" 104
"..\..\..\Engine\Content\Localization\ICU\icudt53l\curr\en_CX.res" 105
"..\..\..\Engine\Content\Localization\ICU\icudt53l\en_DG.res" 106
"..\..\..\Engine\Content\Localization\ICU\icudt53l\curr\en_DG.res" 107
"..\..\..\Engine\Content\Localization\ICU\icudt53l\en_DM.res" 108
"..\..\..\Engine\Content\Localization\ICU\icudt53l\curr\en_DM.res" 109
"..\..\..\Engine\Content\Localization\ICU\icudt53l\en_ER.res" 110
"..\..\..\Engine\Content\Localization\ICU\icudt53l\curr\en_ER.res" 111
"..\..\..\Engine\Content\Localization\ICU\icudt53l\en_FJ.res" 112
"..\..\..\Engine\Content\Localization\ICU\icudt53l\curr\en_FJ.res" 113
"..\..\..\Engine\Content\Localization\ICU\icudt53l\en_FK.res" 114
"..\..\..\Engine\Content\Localization\ICU\icudt53l\curr\en_FK.res" 115
"..\..\..\Engine\Content\Localization\ICU\icudt53l\en_FM.res" 116
"..\..\..\Engine\Content\Localization\ICU\icudt53l\curr\en_FM.res" 117
"..\..\..\Engine\Content\Localization\ICU\icudt53l\en_GD.res" 118
"..\..\..\Engine\Content\Localization\ICU\icudt53l\curr\en_GD.res" 119
"..\..\..\Engine\Content\Localization\ICU\icudt53l\en_GG.res" 120
"..\..\..\Engine\Content\Localization\ICU\icudt53l\curr\en_GG.res" 121
"..\..\..\Engine\Content\Localization\ICU\icudt53l\en_GH.res" 122
"..\..\..\Engine\Content\Localization\ICU\icudt53l\curr\en_GH.res" 123
"..\..\..\Engine\Content\Localization\ICU\icudt53l\en_GI.res" 124
"..\..\..\Engine\Content\Localization\ICU\icudt53l\curr\en_GI.res" 125
"..\..\..\Engine\Content\Localization\ICU\icudt53l\en_GM.res" 126
"..\..\..\Engine\Content\Localization\ICU\icudt53l\curr\en_GM.res" 127
"..\..\..\Engine\Content\Localization\ICU\icudt53l\en_GU.res" 128
"..\..\..\Engine\Content\Localization\ICU\icudt53l\en_GY.res" 129
"..\..\..\Engine\Content\Localization\ICU\icudt53l\curr\en_GY.res" 130
"..\..\..\Engine\Content\Localization\ICU\icudt53l\en_HK.res" 131
"..\..\..\Engine\Content\Localization\ICU\icudt53l\curr\en_HK.res" 132
"..\..\..\Engine\Content\Localization\ICU\icudt53l\en_IE.res" 133
"..\..\..\Engine\Content\Localization\ICU\icudt53l\curr\en_IE.res" 134
"..\..\..\Engine\Content\Localization\ICU\icudt53l\en_IM.res" 135
"..\..\..\Engine\Content\Localization\ICU\icudt53l\curr\en_IM.res" 136
"..\..\..\Engine\Content\Localization\ICU\icudt53l\en_IN.res" 137
"..\..\..\Engine\Content\Localization\ICU\icudt53l\curr\en_IN.res" 138
"..\..\..\Engine\Content\Localization\ICU\icudt53l\en_IO.res" 139
"..\..\..\Engine\Content\Localization\ICU\icudt53l\curr\en_IO.res" 140
"..\..\..\Engine\Content\Localization\ICU\icudt53l\en_JE.res" 141
"..\..\..\Engine\Content\Localization\ICU\icudt53l\curr\en_JE.res" 142
"..\..\..\Engine\Content\Localization\ICU\icudt53l\en_JM.res" 143
"..\..\..\Engine\Content\Localization\ICU\icudt53l\curr\en_JM.res" 144
"..\..\..\Engine\Content\Localization\ICU\icudt53l\en_KE.res" 145
"..\..\..\Engine\Content\Localization\ICU\icudt53l\curr\en_KE.res" 146
"..\..\..\Engine\Content\Localization\ICU\icudt53l\en_KI.res" 147
"..\..\..\Engine\Content\Localization\ICU\icudt53l\curr\en_KI.res" 148
"..\..\..\Engine\Content\Localization\ICU\icudt53l\en_KN.res" 149
"..\..\..\Engine\Content\Localization\ICU\icudt53l\curr\en_KN.res" 150
"..\..\..\Engine\Content\Localization\ICU\icudt53l\en_KY.res" 151
"..\..\..\Engine\Content\Localization\ICU\icudt53l\curr\en_KY.res" 152
"..\..\..\Engine\Content\Localization\ICU\icudt53l\en_LC.res" 153
"..\..\..\Engine\Content\Localization\ICU\icudt53l\curr\en_LC.res" 154
"..\..\..\Engine\Content\Localization\ICU\icudt53l\en_LR.res" 155
"..\..\..\Engine\Content\Localization\ICU\icudt53l\curr\en_LR.res" 156
"..\..\..\Engine\Content\Localization\ICU\icudt53l\en_LS.res" 157
"..\..\..\Engine\Content\Localization\ICU\icudt53l\curr\en_LS.res" 158
"..\..\..\Engine\Content\Localization\ICU\icudt53l\en_MG.res" 159
"..\..\..\Engine\Content\Localization\ICU\icudt53l\curr\en_MG.res" 160
"..\..\..\Engine\Content\Localization\ICU\icudt53l\en_MH.res" 161
"..\..\..\Engine\Content\Localization\ICU\icudt53l\en_MO.res" 162
"..\..\..\Engine\Content\Localization\ICU\icudt53l\curr\en_MO.res" 163
"..\..\..\Engine\Content\Localization\ICU\icudt53l\en_MP.res" 164
"..\..\..\Engine\Content\Localization\ICU\icudt53l\en_MS.res" 165
"..\..\..\Engine\Content\Localization\ICU\icudt53l\curr\en_MS.res" 166
"..\..\..\Engine\Content\Localization\ICU\icudt53l\en_MT.res" 167
"..\..\..\Engine\Content\Localization\ICU\icudt53l\curr\en_MT.res" 168
"..\..\..\Engine\Content\Localization\ICU\icudt53l\en_MU.res" 169
"..\..\..\Engine\Content\Localization\ICU\icudt53l\curr\en_MU.res" 170
"..\..\..\Engine\Content\Localization\ICU\icudt53l\en_MW.res" 171
"..\..\..\Engine\Content\Localization\ICU\icudt53l\curr\en_MW.res" 172
"..\..\..\Engine\Content\Localization\ICU\icudt53l\en_NA.res" 173
"..\..\..\Engine\Content\Localization\ICU\icudt53l\curr\en_NA.res" 174
"..\..\..\Engine\Content\Localization\ICU\icudt53l\en_NF.res" 175
"..\..\..\Engine\Content\Localization\ICU\icudt53l\curr\en_NF.res" 176
"..\..\..\Engine\Content\Localization\ICU\icudt53l\en_NG.res" 177
"..\..\..\Engine\Content\Localization\ICU\icudt53l\curr\en_NG.res" 178
"..\..\..\Engine\Content\Localization\ICU\icudt53l\en_NR.res" 179
"..\..\..\Engine\Content\Localization\ICU\icudt53l\curr\en_NR.res" 180
"..\..\..\Engine\Content\Localization\ICU\icudt53l\en_NU.res" 181
"..\..\..\Engine\Content\Localization\ICU\icudt53l\curr\en_NU.res" 182
"..\..\..\Engine\Content\Localization\ICU\icudt53l\en_NZ.res" 183
"..\..\..\Engine\Content\Localization\ICU\icudt53l\curr\en_NZ.res" 184
"..\..\..\Engine\Content\Localization\ICU\icudt53l\en_PG.res" 185
"..\..\..\Engine\Content\Localization\ICU\icudt53l\curr\en_PG.res" 186
"..\..\..\Engine\Content\Localization\ICU\icudt53l\en_PH.res" 187
"..\..\..\Engine\Content\Localization\ICU\icudt53l\curr\en_PH.res" 188
"..\..\..\Engine\Content\Localization\ICU\icudt53l\en_PK.res" 189
"..\..\..\Engine\Content\Localization\ICU\icudt53l\curr\en_PK.res" 190
"..\..\..\Engine\Content\Localization\ICU\icudt53l\en_PN.res" 191
"..\..\..\Engine\Content\Localization\ICU\icudt53l\curr\en_PN.res" 192
"..\..\..\Engine\Content\Localization\ICU\icudt53l\en_PR.res" 193
"..\..\..\Engine\Content\Localization\ICU\icudt53l\en_PW.res" 194
"..\..\..\Engine\Content\Localization\ICU\icudt53l\curr\en_PW.res" 195
"..\..\..\Engine\Content\Localization\ICU\icudt53l\en_RW.res" 196
"..\..\..\Engine\Content\Localization\ICU\icudt53l\curr\en_RW.res" 197
"..\..\..\Engine\Content\Localization\ICU\icudt53l\en_SB.res" 198
"..\..\..\Engine\Content\Localization\ICU\icudt53l\curr\en_SB.res" 199
"..\..\..\Engine\Content\Localization\ICU\icudt53l\en_SC.res" 200
"..\..\..\Engine\Content\Localization\ICU\icudt53l\curr\en_SC.res" 201
"..\..\..\Engine\Content\Localization\ICU\icudt53l\en_SD.res" 202
"..\..\..\Engine\Content\Localization\ICU\icudt53l\curr\en_SD.res" 203
"..\..\..\Engine\Content\Localization\ICU\icudt53l\en_SG.res" 204
"..\..\..\Engine\Content\Localization\ICU\icudt53l\curr\en_SG.res" 205
"..\..\..\Engine\Content\Localization\ICU\icudt53l\en_SH.res" 206
"..\..\..\Engine\Content\Localization\ICU\icudt53l\curr\en_SH.res" 207
"..\..\..\Engine\Content\Localization\ICU\icudt53l\en_SL.res" 208
"..\..\..\Engine\Content\Localization\ICU\icudt53l\curr\en_SL.res" 209
"..\..\..\Engine\Content\Localization\ICU\icudt53l\en_SS.res" 210
"..\..\..\Engine\Content\Localization\ICU\icudt53l\curr\en_SS.res" 211
"..\..\..\Engine\Content\Localization\ICU\icudt53l\en_SX.res" 212
"..\..\..\Engine\Content\Localization\ICU\icudt53l\curr\en_SX.res" 213
"..\..\..\Engine\Content\Localization\ICU\icudt53l\en_SZ.res" 214
"..\..\..\Engine\Content\Localization\ICU\icudt53l\curr\en_SZ.res" 215
"..\..\..\Engine\Content\Localization\ICU\icudt53l\en_TC.res" 216
"..\..\..\Engine\Content\Localization\ICU\icudt53l\curr\en_TC.res" 217
"..\..\..\Engine\Content\Localization\ICU\icudt53l\en_TK.res" 218
"..\..\..\Engine\Content\Localization\ICU\icudt53l\curr\en_TK.res" 219
"..\..\..\Engine\Content\Localization\ICU\icudt53l\en_TO.res" 220
"..\..\..\Engine\Content\Localization\ICU\icudt53l\curr\en_TO.res" 221
"..\..\..\Engine\Content\Localization\ICU\icudt53l\en_TT.res" 222
"..\..\..\Engine\Content\Localization\ICU\icudt53l\curr\en_TT.res" 223
"..\..\..\Engine\Content\Localization\ICU\icudt53l\en_TV.res" 224
"..\..\..\Engine\Content\Localization\ICU\icudt53l\curr\en_TV.res" 225
"..\..\..\Engine\Content\Localization\ICU\icudt53l\en_TZ.res" 226
"..\..\..\Engine\Content\Localization\ICU\icudt53l\curr\en_TZ.res" 227
"..\..\..\Engine\Content\Localization\ICU\icudt53l\en_UG.res" 228
"..\..\..\Engine\Content\Localization\ICU\icudt53l\curr\en_UG.res" 229
"..\..\..\Engine\Content\Localization\ICU\icudt53l\en_UM.res" 230
"..\..\..\Engine\Content\Localization\ICU\icudt53l\coll\en_US.res" 231
"..\..\..\Engine\Content\Localization\ICU\icudt53l\coll\en_US_POSIX.res" 232
"..\..\..\Engine\Content\Localization\ICU\icudt53l\en_US_POSIX.res" 233
"..\..\..\Engine\Content\Localization\ICU\icudt53l\en_VC.res" 234
"..\..\..\Engine\Content\Localization\ICU\icudt53l\curr\en_VC.res" 235
"..\..\..\Engine\Content\Localization\ICU\icudt53l\en_VG.res" 236
"..\..\..\Engine\Content\Localization\ICU\icudt53l\curr\en_VG.res" 237
"..\..\..\Engine\Content\Localization\ICU\icudt53l\en_VI.res" 238
"..\..\..\Engine\Content\Localization\ICU\icudt53l\en_VU.res" 239
"..\..\..\Engine\Content\Localization\ICU\icudt53l\curr\en_VU.res" 240
"..\..\..\Engine\Content\Localization\ICU\icudt53l\en_WS.res" 241
"..\..\..\Engine\Content\Localization\ICU\icudt53l\curr\en_WS.res" 242
"..\..\..\Engine\Content\Localization\ICU\icudt53l\en_ZA.res" 243
"..\..\..\Engine\Content\Localization\ICU\icudt53l\curr\en_ZA.res" 244
"..\..\..\Engine\Content\Localization\ICU\icudt53l\en_ZM.res" 245
"..\..\..\Engine\Content\Localization\ICU\icudt53l\curr\en_ZM.res" 246
"..\..\..\Engine\Content\Localization\ICU\icudt53l\en_ZW.res" 247
"..\..\..\Engine\Content\Localization\ICU\icudt53l\curr\en_ZW.res" 248
"..\..\..\Engine\Content\Localization\ICU\icudt53l\coll\es.res" 249
"..\..\..\Engine\Content\Localization\ICU\icudt53l\es.res" 250
"..\..\..\Engine\Content\Localization\ICU\icudt53l\curr\es.res" 251
"..\..\..\Engine\Content\Localization\ICU\icudt53l\es_ES.res" 252
"..\..\..\Engine\Content\Localization\ICU\icudt53l\es_419.res" 253
"..\..\..\Engine\Content\Localization\ICU\icudt53l\es_AR.res" 254
"..\..\..\Engine\Content\Localization\ICU\icudt53l\curr\es_AR.res" 255
"..\..\..\Engine\Content\Localization\ICU\icudt53l\es_BO.res" 256
"..\..\..\Engine\Content\Localization\ICU\icudt53l\curr\es_BO.res" 257
"..\..\..\Engine\Content\Localization\ICU\icudt53l\es_CL.res" 258
"..\..\..\Engine\Content\Localization\ICU\icudt53l\curr\es_CL.res" 259
"..\..\..\Engine\Content\Localization\ICU\icudt53l\es_CO.res" 260
"..\..\..\Engine\Content\Localization\ICU\icudt53l\curr\es_CO.res" 261
"..\..\..\Engine\Content\Localization\ICU\icudt53l\es_CR.res" 262
"..\..\..\Engine\Content\Localization\ICU\icudt53l\curr\es_CR.res" 263
"..\..\..\Engine\Content\Localization\ICU\icudt53l\es_CU.res" 264
"..\..\..\Engine\Content\Localization\ICU\icudt53l\curr\es_CU.res" 265
"..\..\..\Engine\Content\Localization\ICU\icudt53l\es_DO.res" 266
"..\..\..\Engine\Content\Localization\ICU\icudt53l\curr\es_DO.res" 267
"..\..\..\Engine\Content\Localization\ICU\icudt53l\es_EA.res" 268
"..\..\..\Engine\Content\Localization\ICU\icudt53l\es_EC.res" 269
"..\..\..\Engine\Content\Localization\ICU\icudt53l\curr\es_EC.res" 270
"..\..\..\Engine\Content\Localization\ICU\icudt53l\es_GQ.res" 271
"..\..\..\Engine\Content\Localization\ICU\icudt53l\es_GT.res" 272
"..\..\..\Engine\Content\Localization\ICU\icudt53l\curr\es_GT.res" 273
"..\..\..\Engine\Content\Localization\ICU\icudt53l\es_HN.res" 274
"..\..\..\Engine\Content\Localization\ICU\icudt53l\curr\es_HN.res" 275
"..\..\..\Engine\Content\Localization\ICU\icudt53l\es_IC.res" 276
"..\..\..\Engine\Content\Localization\ICU\icudt53l\es_MX.res" 277
"..\..\..\Engine\Content\Localization\ICU\icudt53l\curr\es_MX.res" 278
"..\..\..\Engine\Content\Localization\ICU\icudt53l\es_NI.res" 279
"..\..\..\Engine\Content\Localization\ICU\icudt53l\curr\es_NI.res" 280
"..\..\..\Engine\Content\Localization\ICU\icudt53l\es_PA.res" 281
"..\..\..\Engine\Content\Localization\ICU\icudt53l\curr\es_PA.res" 282
"..\..\..\Engine\Content\Localization\ICU\icudt53l\es_PE.res" 283
"..\..\..\Engine\Content\Localization\ICU\icudt53l\curr\es_PE.res" 284
"..\..\..\Engine\Content\Localization\ICU\icudt53l\es_PH.res" 285
"..\..\..\Engine\Content\Localization\ICU\icudt53l\curr\es_PH.res" 286
"..\..\..\Engine\Content\Localization\ICU\icudt53l\es_PR.res" 287
"..\..\..\Engine\Content\Localization\ICU\icudt53l\curr\es_PR.res" 288
"..\..\..\Engine\Content\Localization\ICU\icudt53l\es_PY.res" 289
"..\..\..\Engine\Content\Localization\ICU\icudt53l\curr\es_PY.res" 290
"..\..\..\Engine\Content\Localization\ICU\icudt53l\es_SV.res" 291
"..\..\..\Engine\Content\Localization\ICU\icudt53l\curr\es_SV.res" 292
"..\..\..\Engine\Content\Localization\ICU\icudt53l\es_US.res" 293
"..\..\..\Engine\Content\Localization\ICU\icudt53l\curr\es_US.res" 294
"..\..\..\Engine\Content\Localization\ICU\icudt53l\es_UY.res" 295
"..\..\..\Engine\Content\Localization\ICU\icudt53l\curr\es_UY.res" 296
"..\..\..\Engine\Content\Localization\ICU\icudt53l\es_VE.res" 297
"..\..\..\Engine\Content\Localization\ICU\icudt53l\curr\es_VE.res" 298
"..\..\..\Engine\Content\Localization\ICU\icudt53l\coll\fr.res" 299
"..\..\..\Engine\Content\Localization\ICU\icudt53l\fr.res" 300
"..\..\..\Engine\Content\Localization\ICU\icudt53l\curr\fr.res" 301
"..\..\..\Engine\Content\Localization\ICU\icudt53l\fr_FR.res" 302
"..\..\..\Engine\Content\Localization\ICU\icudt53l\fr_BE.res" 303
"..\..\..\Engine\Content\Localization\ICU\icudt53l\fr_BF.res" 304
"..\..\..\Engine\Content\Localization\ICU\icudt53l\fr_BI.res" 305
"..\..\..\Engine\Content\Localization\ICU\icudt53l\curr\fr_BI.res" 306
"..\..\..\Engine\Content\Localization\ICU\icudt53l\fr_BJ.res" 307
"..\..\..\Engine\Content\Localization\ICU\icudt53l\fr_BL.res" 308
"..\..\..\Engine\Content\Localization\ICU\icudt53l\coll\fr_CA.res" 309
"..\..\..\Engine\Content\Localization\ICU\icudt53l\fr_CA.res" 310
"..\..\..\Engine\Content\Localization\ICU\icudt53l\curr\fr_CA.res" 311
"..\..\..\Engine\Content\Localization\ICU\icudt53l\fr_CD.res" 312
"..\..\..\Engine\Content\Localization\ICU\icudt53l\curr\fr_CD.res" 313
"..\..\..\Engine\Content\Localization\ICU\icudt53l\fr_CF.res" 314
"..\..\..\Engine\Content\Localization\ICU\icudt53l\fr_CG.res" 315
"..\..\..\Engine\Content\Localization\ICU\icudt53l\fr_CH.res" 316
"..\..\..\Engine\Content\Localization\ICU\icudt53l\curr\fr_CH.res" 317
"..\..\..\Engine\Content\Localization\ICU\icudt53l\fr_CI.res" 318
"..\..\..\Engine\Content\Localization\ICU\icudt53l\fr_CM.res" 319
"..\..\..\Engine\Content\Localization\ICU\icudt53l\fr_DJ.res" 320
"..\..\..\Engine\Content\Localization\ICU\icudt53l\curr\fr_DJ.res" 321
"..\..\..\Engine\Content\Localization\ICU\icudt53l\fr_DZ.res" 322
"..\..\..\Engine\Content\Localization\ICU\icudt53l\curr\fr_DZ.res" 323
"..\..\..\Engine\Content\Localization\ICU\icudt53l\fr_GA.res" 324
"..\..\..\Engine\Content\Localization\ICU\icudt53l\fr_GF.res" 325
"..\..\..\Engine\Content\Localization\ICU\icudt53l\fr_GN.res" 326
"..\..\..\Engine\Content\Localization\ICU\icudt53l\curr\fr_GN.res" 327
"..\..\..\Engine\Content\Localization\ICU\icudt53l\fr_GP.res" 328
"..\..\..\Engine\Content\Localization\ICU\icudt53l\fr_GQ.res" 329
"..\..\..\Engine\Content\Localization\ICU\icudt53l\fr_HT.res" 330
"..\..\..\Engine\Content\Localization\ICU\icudt53l\curr\fr_HT.res" 331
"..\..\..\Engine\Content\Localization\ICU\icudt53l\fr_KM.res" 332
"..\..\..\Engine\Content\Localization\ICU\icudt53l\curr\fr_KM.res" 333
"..\..\..\Engine\Content\Localization\ICU\icudt53l\fr_LU.res" 334
"..\..\..\Engine\Content\Localization\ICU\icudt53l\curr\fr_LU.res" 335
"..\..\..\Engine\Content\Localization\ICU\icudt53l\fr_MA.res" 336
"..\..\..\Engine\Content\Localization\ICU\icudt53l\fr_MC.res" 337
"..\..\..\Engine\Content\Localization\ICU\icudt53l\fr_MF.res" 338
"..\..\..\Engine\Content\Localization\ICU\icudt53l\fr_MG.res" 339
"..\..\..\Engine\Content\Localization\ICU\icudt53l\curr\fr_MG.res" 340
"..\..\..\Engine\Content\Localization\ICU\icudt53l\fr_ML.res" 341
"..\..\..\Engine\Content\Localization\ICU\icudt53l\fr_MQ.res" 342
"..\..\..\Engine\Content\Localization\ICU\icudt53l\fr_MR.res" 343
"..\..\..\Engine\Content\Localization\ICU\icudt53l\curr\fr_MR.res" 344
"..\..\..\Engine\Content\Localization\ICU\icudt53l\fr_MU.res" 345
"..\..\..\Engine\Content\Localization\ICU\icudt53l\curr\fr_MU.res" 346
"..\..\..\Engine\Content\Localization\ICU\icudt53l\fr_NC.res" 347
"..\..\..\Engine\Content\Localization\ICU\icudt53l\fr_NE.res" 348
"..\..\..\Engine\Content\Localization\ICU\icudt53l\fr_PF.res" 349
"..\..\..\Engine\Content\Localization\ICU\icudt53l\fr_PM.res" 350
"..\..\..\Engine\Content\Localization\ICU\icudt53l\fr_RE.res" 351
"..\..\..\Engine\Content\Localization\ICU\icudt53l\fr_RW.res" 352
"..\..\..\Engine\Content\Localization\ICU\icudt53l\curr\fr_RW.res" 353
"..\..\..\Engine\Content\Localization\ICU\icudt53l\fr_SC.res" 354
"..\..\..\Engine\Content\Localization\ICU\icudt53l\curr\fr_SC.res" 355
"..\..\..\Engine\Content\Localization\ICU\icudt53l\fr_SN.res" 356
"..\..\..\Engine\Content\Localization\ICU\icudt53l\fr_SY.res" 357
"..\..\..\Engine\Content\Localization\ICU\icudt53l\curr\fr_SY.res" 358
"..\..\..\Engine\Content\Localization\ICU\icudt53l\fr_TD.res" 359
"..\..\..\Engine\Content\Localization\ICU\icudt53l\fr_TG.res" 360
"..\..\..\Engine\Content\Localization\ICU\icudt53l\fr_TN.res" 361
"..\..\..\Engine\Content\Localization\ICU\icudt53l\curr\fr_TN.res" 362
"..\..\..\Engine\Content\Localization\ICU\icudt53l\fr_VU.res" 363
"..\..\..\Engine\Content\Localization\ICU\icudt53l\curr\fr_VU.res" 364
"..\..\..\Engine\Content\Localization\ICU\icudt53l\fr_WF.res" 365
"..\..\..\Engine\Content\Localization\ICU\icudt53l\fr_YT.res" 366
"..\..\..\Engine\Content\Localization\ICU\icudt53l\coll\hi.res" 367
"..\..\..\Engine\Content\Localization\ICU\icudt53l\hi.res" 368
"..\..\..\Engine\Content\Localization\ICU\icudt53l\curr\hi.res" 369
"..\..\..\Engine\Content\Localization\ICU\icudt53l\hi_IN.res" 370
"..\..\..\Engine\Content\Localization\ICU\icudt53l\coll\it.res" 371
"..\..\..\Engine\Content\Localization\ICU\icudt53l\it.res" 372
"..\..\..\Engine\Content\Localization\ICU\icudt53l\curr\it.res" 373
"..\..\..\Engine\Content\Localization\ICU\icudt53l\it_IT.res" 374
"..\..\..\Engine\Content\Localization\ICU\icudt53l\it_CH.res" 375
"..\..\..\Engine\Content\Localization\ICU\icudt53l\curr\it_CH.res" 376
"..\..\..\Engine\Content\Localization\ICU\icudt53l\it_SM.res" 377
"..\..\..\Engine\Content\Localization\ICU\icudt53l\coll\ja.res" 378
"..\..\..\Engine\Content\Localization\ICU\icudt53l\ja.res" 379
"..\..\..\Engine\Content\Localization\ICU\icudt53l\curr\ja.res" 380
"..\..\..\Engine\Content\Localization\ICU\icudt53l\ja_JP.res" 381
"..\..\..\Engine\Content\Localization\ICU\icudt53l\curr\ja_JP.res" 382
"..\..\..\Engine\Content\Localization\ICU\icudt53l\coll\ko.res" 383
"..\..\..\Engine\Content\Localization\ICU\icudt53l\ko.res" 384
"..\..\..\Engine\Content\Localization\ICU\icudt53l\curr\ko.res" 385
"..\..\..\Engine\Content\Localization\ICU\icudt53l\ko_KR.res" 386
"..\..\..\Engine\Content\Localization\ICU\icudt53l\ko_KP.res" 387
"..\..\..\Engine\Content\Localization\ICU\icudt53l\coll\leet.res" 388
"..\..\..\Engine\Content\Localization\ICU\icudt53l\leet.res" 389
"..\..\..\Engine\Content\Localization\ICU\icudt53l\curr\leet.res" 390
"..\..\..\Engine\Content\Localization\ICU\icudt53l\coll\pl.res" 391
"..\..\..\Engine\Content\Localization\ICU\icudt53l\curr\pl.res" 392
"..\..\..\Engine\Content\Localization\ICU\icudt53l\coll\pt.res" 393
"..\..\..\Engine\Content\Localization\ICU\icudt53l\pt.res" 394
"..\..\..\Engine\Content\Localization\ICU\icudt53l\curr\pt.res" 395
"..\..\..\Engine\Content\Localization\ICU\icudt53l\pt_BR.res" 396
"..\..\..\Engine\Content\Localization\ICU\icudt53l\pt_AO.res" 397
"..\..\..\Engine\Content\Localization\ICU\icudt53l\pt_PT.res" 398
"..\..\..\Engine\Content\Localization\ICU\icudt53l\curr\pt_AO.res" 399
"..\..\..\Engine\Content\Localization\ICU\icudt53l\curr\pt_PT.res" 400
"..\..\..\Engine\Content\Localization\ICU\icudt53l\pt_CV.res" 401
"..\..\..\Engine\Content\Localization\ICU\icudt53l\curr\pt_CV.res" 402
"..\..\..\Engine\Content\Localization\ICU\icudt53l\pt_GW.res" 403
"..\..\..\Engine\Content\Localization\ICU\icudt53l\curr\pt_GW.res" 404
"..\..\..\Engine\Content\Localization\ICU\icudt53l\pt_MO.res" 405
"..\..\..\Engine\Content\Localization\ICU\icudt53l\curr\pt_MO.res" 406
"..\..\..\Engine\Content\Localization\ICU\icudt53l\pt_MZ.res" 407
"..\..\..\Engine\Content\Localization\ICU\icudt53l\curr\pt_MZ.res" 408
"..\..\..\Engine\Content\Localization\ICU\icudt53l\pt_ST.res" 409
"..\..\..\Engine\Content\Localization\ICU\icudt53l\curr\pt_ST.res" 410
"..\..\..\Engine\Content\Localization\ICU\icudt53l\pt_TL.res" 411
"..\..\..\Engine\Content\Localization\ICU\icudt53l\curr\pt_TL.res" 412
"..\..\..\Engine\Content\Localization\ICU\icudt53l\coll\ru.res" 413
"..\..\..\Engine\Content\Localization\ICU\icudt53l\ru.res" 414
"..\..\..\Engine\Content\Localization\ICU\icudt53l\curr\ru.res" 415
"..\..\..\Engine\Content\Localization\ICU\icudt53l\ru_RU.res" 416
"..\..\..\Engine\Content\Localization\ICU\icudt53l\ru_BY.res" 417
"..\..\..\Engine\Content\Localization\ICU\icudt53l\curr\ru_BY.res" 418
"..\..\..\Engine\Content\Localization\ICU\icudt53l\ru_KG.res" 419
"..\..\..\Engine\Content\Localization\ICU\icudt53l\curr\ru_KG.res" 420
"..\..\..\Engine\Content\Localization\ICU\icudt53l\ru_KZ.res" 421
"..\..\..\Engine\Content\Localization\ICU\icudt53l\curr\ru_KZ.res" 422
"..\..\..\Engine\Content\Localization\ICU\icudt53l\ru_MD.res" 423
"..\..\..\Engine\Content\Localization\ICU\icudt53l\curr\ru_MD.res" 424
"..\..\..\Engine\Content\Localization\ICU\icudt53l\ru_UA.res" 425
"..\..\..\Engine\Content\Localization\ICU\icudt53l\coll\sv.res" 426
"..\..\..\Engine\Content\Localization\ICU\icudt53l\sv.res" 427
"..\..\..\Engine\Content\Localization\ICU\icudt53l\curr\sv.res" 428
"..\..\..\Engine\Content\Localization\ICU\icudt53l\sv_SE.res" 429
"..\..\..\Engine\Content\Localization\ICU\icudt53l\sv_AX.res" 430
"..\..\..\Engine\Content\Localization\ICU\icudt53l\sv_FI.res" 431
"..\..\..\Engine\Content\Localization\ICU\icudt53l\coll\zh.res" 432
"..\..\..\Engine\Content\Localization\ICU\icudt53l\zh.res" 433
"..\..\..\Engine\Content\Localization\ICU\icudt53l\curr\zh.res" 434
"..\..\..\Engine\Content\Localization\ICU\icudt53l\zh_CN.res" 435
"..\..\..\Engine\Content\Localization\ICU\icudt53l\zh_Hans_CN.res" 436
"..\..\..\Engine\Content\Localization\ICU\icudt53l\zh_Hans.res" 437
"..\..\..\Engine\Content\Localization\ICU\icudt53l\coll\zh_Hans.res" 438
"..\..\..\Engine\Content\Localization\ICU\icudt53l\curr\zh_Hans.res" 439
"..\..\..\Engine\Content\Localization\ICU\icudt53l\coll\zh_Hans_CN.res" 440
"..\..\..\Engine\Content\Localization\ICU\icudt53l\curr\zh_Hans_CN.res" 441
"..\..\..\Engine\Content\Localization\ICU\icudt53l\zh_Hans_HK.res" 442
"..\..\..\Engine\Content\Localization\ICU\icudt53l\curr\zh_Hans_HK.res" 443
"..\..\..\Engine\Content\Localization\ICU\icudt53l\zh_Hans_MO.res" 444
"..\..\..\Engine\Content\Localization\ICU\icudt53l\curr\zh_Hans_MO.res" 445
"..\..\..\Engine\Content\Localization\ICU\icudt53l\coll\zh_Hans_SG.res" 446
"..\..\..\Engine\Content\Localization\ICU\icudt53l\zh_Hans_SG.res" 447
"..\..\..\Engine\Content\Localization\ICU\icudt53l\curr\zh_Hans_SG.res" 448
"..\..\..\Engine\Content\Localization\ICU\icudt53l\zh_SG.res" 449
"..\..\..\Engine\Content\Localization\ICU\icudt53l\coll\zh_Hant.res" 450
"..\..\..\Engine\Content\Localization\ICU\icudt53l\zh_Hant.res" 451
"..\..\..\Engine\Content\Localization\ICU\icudt53l\curr\zh_Hant.res" 452
"..\..\..\Engine\Content\Localization\ICU\icudt53l\zh_TW.res" 453
"..\..\..\Engine\Content\Localization\ICU\icudt53l\zh_Hant_TW.res" 454
"..\..\..\Engine\Content\Localization\ICU\icudt53l\coll\zh_Hant_HK.res" 455
"..\..\..\Engine\Content\Localization\ICU\icudt53l\zh_Hant_HK.res" 456
"..\..\..\Engine\Content\Localization\ICU\icudt53l\curr\zh_Hant_HK.res" 457
"..\..\..\Engine\Content\Localization\ICU\icudt53l\zh_HK.res" 458
"..\..\..\Engine\Content\Localization\ICU\icudt53l\coll\zh_Hant_MO.res" 459
"..\..\..\Engine\Content\Localization\ICU\icudt53l\zh_Hant_MO.res" 460
"..\..\..\Engine\Content\Localization\ICU\icudt53l\curr\zh_Hant_MO.res" 461
"..\..\..\Engine\Content\Localization\ICU\icudt53l\zh_MO.res" 462
"..\..\..\Engine\Content\Localization\ICU\icudt53l\coll\zh_Hant_TW.res" 463
"..\..\..\Engine\Content\Localization\ICU\icudt53l\curr\zh_Hant_TW.res" 464
"../../../Engine/Config/Base.ini" 465
"../../../Engine/Config/BaseEngine.ini" 466
"../../../../../Jablo/UNREAL_AKTUALNY_PROJEKT/MyProject4/Config/DefaultEngine.ini" 467
"../../../Engine/Config/Windows/WindowsEngine.ini" 468
"D:/Developer/Jablo/UNREAL_AKTUALNY_PROJEKT/MyProject4/Saved/Config/Windows/Engine.ini" 469
"../../../../../Jablo/UNREAL_AKTUALNY_PROJEKT/MyProject4/Saved/Config/CleanSourceConfigs/Engine.ini" 470
"../../../Engine/Config/BaseGame.ini" 471
"../../../../../Jablo/UNREAL_AKTUALNY_PROJEKT/MyProject4/Config/DefaultGame.ini" 472
"D:/Developer/Jablo/UNREAL_AKTUALNY_PROJEKT/MyProject4/Saved/Config/Windows/Game.ini" 473
"../../../../../Jablo/UNREAL_AKTUALNY_PROJEKT/MyProject4/Saved/Config/CleanSourceConfigs/Game.ini" 474
"../../../Engine/Config/BaseInput.ini" 475
"../../../../../Jablo/UNREAL_AKTUALNY_PROJEKT/MyProject4/Config/DefaultInput.ini" 476
"D:/Developer/Jablo/UNREAL_AKTUALNY_PROJEKT/MyProject4/Saved/Config/Windows/Input.ini" 477
"../../../../../Jablo/UNREAL_AKTUALNY_PROJEKT/MyProject4/Saved/Config/CleanSourceConfigs/Input.ini" 478
"../../../Engine/Config/BaseEditor.ini" 479
"../../../../../Jablo/UNREAL_AKTUALNY_PROJEKT/MyProject4/Config/DefaultEditor.ini" 480
"D:/Developer/Jablo/UNREAL_AKTUALNY_PROJEKT/MyProject4/Saved/Config/Windows/Editor.ini" 481
"../../../../../Jablo/UNREAL_AKTUALNY_PROJEKT/MyProject4/Saved/Config/CleanSourceConfigs/Editor.ini" 482
"../../../Engine/Config/BaseEditorLayout.ini" 483
"D:/Developer/Jablo/UNREAL_AKTUALNY_PROJEKT/MyProject4/Saved/Config/Windows/EditorLayout.ini" 484
"../../../../../Jablo/UNREAL_AKTUALNY_PROJEKT/MyProject4/Saved/Config/CleanSourceConfigs/EditorLayout.ini" 485
"../../../Engine/Config/BaseEditorUserSettings.ini" 486
"D:/Developer/Jablo/UNREAL_AKTUALNY_PROJEKT/MyProject4/Saved/Config/Windows/EditorUserSettings.ini" 487
"../../../../../Jablo/UNREAL_AKTUALNY_PROJEKT/MyProject4/Saved/Config/CleanSourceConfigs/EditorUserSettings.ini" 488
"../../../Engine/Config/BaseEditorKeyBindings.ini" 489
"D:/Developer/Jablo/UNREAL_AKTUALNY_PROJEKT/MyProject4/Saved/Config/Windows/EditorKeyBindings.ini" 490
"../../../../../Jablo/UNREAL_AKTUALNY_PROJEKT/MyProject4/Saved/Config/CleanSourceConfigs/EditorKeyBindings.ini" 491
"../../../Engine/Config/BaseCompat.ini" 492
"D:/Developer/Jablo/UNREAL_AKTUALNY_PROJEKT/MyProject4/Saved/Config/Windows/Compat.ini" 493
"../../../../../Jablo/UNREAL_AKTUALNY_PROJEKT/MyProject4/Saved/Config/CleanSourceConfigs/Compat.ini" 494
"../../../Engine/Config/BaseLightmass.ini" 495
"D:/Developer/Jablo/UNREAL_AKTUALNY_PROJEKT/MyProject4/Saved/Config/Windows/Lightmass.ini" 496
"../../../../../Jablo/UNREAL_AKTUALNY_PROJEKT/MyProject4/Saved/Config/CleanSourceConfigs/Lightmass.ini" 497
"../../../Engine/Config/BaseScalability.ini" 498
"D:/Developer/Jablo/UNREAL_AKTUALNY_PROJEKT/MyProject4/Saved/Config/Windows/Scalability.ini" 499
"../../../../../Jablo/UNREAL_AKTUALNY_PROJEKT/MyProject4/Saved/Config/CleanSourceConfigs/Scalability.ini" 500
"D:/Developer/Jablo/UNREAL_AKTUALNY_PROJEKT/MyProject4/Saved/Config/Windows/GameUserSettings.ini" 501
"../../../../../Jablo/UNREAL_AKTUALNY_PROJEKT/MyProject4/Saved/Config/CleanSourceConfigs/GameUserSettings.ini" 502
"../../../Engine/Config/BaseDeviceProfiles.ini" 503
"D:/Developer/Jablo/UNREAL_AKTUALNY_PROJEKT/MyProject4/Saved/Config/Windows/DeviceProfiles.ini" 504
"../../../../../Jablo/UNREAL_AKTUALNY_PROJEKT/MyProject4/Saved/Config/CleanSourceConfigs/DeviceProfiles.ini" 505
"../../../Engine/Config/ConsoleVariables.ini" 506
"D:/Developer/UnrealEngine-4.4.3-release/UnrealEngine-4.4.3-release/Engine/Content/Localization/Engine/en/Engine.locres" 507
"D:/Developer/UnrealEngine-4.4.3-release/UnrealEngine-4.4.3-release/Engine/Content/Localization/Editor/en/Editor.locres" 508
"D:/Developer/UnrealEngine-4.4.3-release/UnrealEngine-4.4.3-release/Engine/Binaries/Win64/../../../Engine/Shaders/ParticleSpriteVertexFactory.usf" 509
"D:/Developer/UnrealEngine-4.4.3-release/UnrealEngine-4.4.3-release/Engine/Binaries/Win64/../../../Engine/Shaders/VertexFactoryCommon.usf" 510
"D:/Developer/UnrealEngine-4.4.3-release/UnrealEngine-4.4.3-release/Engine/Binaries/Win64/../../../Engine/Shaders/Common.usf" 511
"D:/Developer/UnrealEngine-4.4.3-release/UnrealEngine-4.4.3-release/Engine/Binaries/Win64/../../../Engine/Shaders/ShaderVersion.usf" 512
"D:/Developer/UnrealEngine-4.4.3-release/UnrealEngine-4.4.3-release/Engine/Binaries/Win64/../../../Engine/Shaders/Definitions.usf" 513
"D:/Developer/UnrealEngine-4.4.3-release/UnrealEngine-4.4.3-release/Engine/Binaries/Win64/../../../Engine/Shaders/Random.usf" 514
"D:/Developer/UnrealEngine-4.4.3-release/UnrealEngine-4.4.3-release/Engine/Binaries/Win64/../../../Engine/Shaders/ParticleVertexFactoryCommon.usf" 515
"D:/Developer/UnrealEngine-4.4.3-release/UnrealEngine-4.4.3-release/Engine/Binaries/Win64/../../../Engine/Shaders/ParticleGPUSpriteVertexFactory.usf" 516
"D:/Developer/UnrealEngine-4.4.3-release/UnrealEngine-4.4.3-release/Engine/Binaries/Win64/../../../Engine/Shaders/ParticleBeamTrailVertexFactory.usf" 517
"D:/Developer/UnrealEngine-4.4.3-release/UnrealEngine-4.4.3-release/Engine/Binaries/Win64/../../../Engine/Shaders/LandscapeVertexFactory.usf" 518
"D:/Developer/UnrealEngine-4.4.3-release/UnrealEngine-4.4.3-release/Engine/Binaries/Win64/../../../Engine/Shaders/VectorFieldVisualizationVertexFactory.usf" 519
"D:/Developer/UnrealEngine-4.4.3-release/UnrealEngine-4.4.3-release/Engine/Binaries/Win64/../../../Engine/Shaders/LocalVertexFactory.usf" 520
"D:/Developer/UnrealEngine-4.4.3-release/UnrealEngine-4.4.3-release/Engine/Binaries/Win64/../../../Engine/Shaders/LocalVertexFactoryCommon.usf" 521
"D:/Developer/UnrealEngine-4.4.3-release/UnrealEngine-4.4.3-release/Engine/Binaries/Win64/../../../Engine/Shaders/MeshParticleVertexFactory.usf" 522
"D:/Developer/UnrealEngine-4.4.3-release/UnrealEngine-4.4.3-release/Engine/Binaries/Win64/../../../Engine/Shaders/GpuSkinVertexFactory.usf" 523
"D:/Developer/UnrealEngine-4.4.3-release/UnrealEngine-4.4.3-release/Engine/Binaries/Win64/../../../Engine/Shaders/GpuSkinCacheCommon.usf" 524
"D:/Developer/UnrealEngine-4.4.3-release/UnrealEngine-4.4.3-release/Engine/Binaries/Win64/../../../Engine/Shaders/OneColorShader.usf" 525
"D:/Developer/UnrealEngine-4.4.3-release/UnrealEngine-4.4.3-release/Engine/Binaries/Win64/../../../Engine/Shaders/ResolveVertexShader.usf" 526
"D:/Developer/UnrealEngine-4.4.3-release/UnrealEngine-4.4.3-release/Engine/Binaries/Win64/../../../Engine/Shaders/ResolvePixelShader.usf" 527
"D:/Developer/UnrealEngine-4.4.3-release/UnrealEngine-4.4.3-release/Engine/Binaries/Win64/../../../Engine/Shaders/SlateElementPixelShader.usf" 528
"D:/Developer/UnrealEngine-4.4.3-release/UnrealEngine-4.4.3-release/Engine/Binaries/Win64/../../../Engine/Shaders/MaterialTemplate.usf" 529
"D:/Developer/UnrealEngine-4.4.3-release/UnrealEngine-4.4.3-release/Engine/Binaries/Win64/../../../Engine/Shaders/DepthOfFieldCommon.usf" 530
"D:/Developer/UnrealEngine-4.4.3-release/UnrealEngine-4.4.3-release/Engine/Binaries/Win64/../../../Engine/Shaders/SpeedTreeCommon.usf" 531
"D:/Developer/UnrealEngine-4.4.3-release/UnrealEngine-4.4.3-release/Engine/Binaries/Win64/../../../Engine/Shaders/AtmosphereCommon.usf" 532
"D:/Developer/UnrealEngine-4.4.3-release/UnrealEngine-4.4.3-release/Engine/Binaries/Win64/../../../Engine/Shaders/PostProcessCommon.usf" 533
"D:/Developer/UnrealEngine-4.4.3-release/UnrealEngine-4.4.3-release/Engine/Binaries/Win64/../../../Engine/Shaders/DeferredShadingCommon.usf" 534
"D:/Developer/UnrealEngine-4.4.3-release/UnrealEngine-4.4.3-release/Engine/Binaries/Win64/../../../Engine/Shaders/LightAccumulator.usf" 535
"D:/Developer/UnrealEngine-4.4.3-release/UnrealEngine-4.4.3-release/Engine/Binaries/Win64/../../../Engine/Shaders/SlateVertexShader.usf" 536
"D:/Developer/UnrealEngine-4.4.3-release/UnrealEngine-4.4.3-release/Engine/Binaries/Win64/../../../Engine/Shaders/VisualizeTexture.usf" 537
"D:/Developer/UnrealEngine-4.4.3-release/UnrealEngine-4.4.3-release/Engine/Binaries/Win64/../../../Engine/Shaders/ScreenSpaceReflections.usf" 538
"D:/Developer/UnrealEngine-4.4.3-release/UnrealEngine-4.4.3-release/Engine/Binaries/Win64/../../../Engine/Shaders/BRDF.usf" 539
"D:/Developer/UnrealEngine-4.4.3-release/UnrealEngine-4.4.3-release/Engine/Binaries/Win64/../../../Engine/Shaders/MonteCarlo.usf" 540
"D:/Developer/UnrealEngine-4.4.3-release/UnrealEngine-4.4.3-release/Engine/Binaries/Win64/../../../Engine/Shaders/FilterVertexShader.usf" 541
"D:/Developer/UnrealEngine-4.4.3-release/UnrealEngine-4.4.3-release/Engine/Binaries/Win64/../../../Engine/Shaders/FilterPixelShader.usf" 542
"D:/Developer/UnrealEngine-4.4.3-release/UnrealEngine-4.4.3-release/Engine/Binaries/Win64/../../../Engine/Shaders/PostProcessVisualizeHDR.usf" 543
"D:/Developer/UnrealEngine-4.4.3-release/UnrealEngine-4.4.3-release/Engine/Binaries/Win64/../../../Engine/Shaders/PostProcessHistogramCommon.usf" 544
"D:/Developer/UnrealEngine-4.4.3-release/UnrealEngine-4.4.3-release/Engine/Binaries/Win64/../../../Engine/Shaders/TonemapCommon.usf" 545
"D:/Developer/UnrealEngine-4.4.3-release/UnrealEngine-4.4.3-release/Engine/Binaries/Win64/../../../Engine/Shaders/PostProcessVisualizeBuffer.usf" 546
"D:/Developer/UnrealEngine-4.4.3-release/UnrealEngine-4.4.3-release/Engine/Binaries/Win64/../../../Engine/Shaders/PostProcessUpscale.usf" 547
"D:/Developer/UnrealEngine-4.4.3-release/UnrealEngine-4.4.3-release/Engine/Binaries/Win64/../../../Engine/Shaders/PostProcessUIBlur.usf" 548
"D:/Developer/UnrealEngine-4.4.3-release/UnrealEngine-4.4.3-release/Engine/Binaries/Win64/../../../Engine/Shaders/PostProcessTonemap.usf" 549
"D:/Developer/UnrealEngine-4.4.3-release/UnrealEngine-4.4.3-release/Engine/Binaries/Win64/../../../Engine/Shaders/PostProcessTestImage.usf" 550
"D:/Developer/UnrealEngine-4.4.3-release/UnrealEngine-4.4.3-release/Engine/Binaries/Win64/../../../Engine/Shaders/PostProcessTemporalAA.usf" 551
"D:/Developer/UnrealEngine-4.4.3-release/UnrealEngine-4.4.3-release/Engine/Binaries/Win64/../../../Engine/Shaders/PostProcessTemporalCommon.usf" 552
"D:/Developer/UnrealEngine-4.4.3-release/UnrealEngine-4.4.3-release/Engine/Binaries/Win64/../../../Engine/Shaders/PostProcessSubsurface.usf" 553
"D:/Developer/UnrealEngine-4.4.3-release/UnrealEngine-4.4.3-release/Engine/Binaries/Win64/../../../Engine/Shaders/SeparableSSS.usf" 554
"D:/Developer/UnrealEngine-4.4.3-release/UnrealEngine-4.4.3-release/Engine/Binaries/Win64/../../../Engine/Shaders/PostProcessSelectionOutline.usf" 555
"D:/Developer/UnrealEngine-4.4.3-release/UnrealEngine-4.4.3-release/Engine/Binaries/Win64/../../../Engine/Shaders/PostProcessSceneColorFringe.usf" 556
"D:/Developer/UnrealEngine-4.4.3-release/UnrealEngine-4.4.3-release/Engine/Binaries/Win64/../../../Engine/Shaders/PostProcessNoiseBlur.usf" 557
"D:/Developer/UnrealEngine-4.4.3-release/UnrealEngine-4.4.3-release/Engine/Binaries/Win64/../../../Engine/Shaders/PostProcessMotionBlur.usf" 558
"D:/Developer/UnrealEngine-4.4.3-release/UnrealEngine-4.4.3-release/Engine/Binaries/Win64/../../../Engine/Shaders/PostProcessMobile.usf" 559
"D:/Developer/UnrealEngine-4.4.3-release/UnrealEngine-4.4.3-release/Engine/Binaries/Win64/../../../Engine/Shaders/PostProcessMaterialShaders.usf" 560
"D:/Developer/UnrealEngine-4.4.3-release/UnrealEngine-4.4.3-release/Engine/Binaries/Win64/../../../Engine/Shaders/PostProcessLensFlares.usf" 561
"D:/Developer/UnrealEngine-4.4.3-release/UnrealEngine-4.4.3-release/Engine/Binaries/Win64/../../../Engine/Shaders/PostProcessLensBlur.usf" 562
"D:/Developer/UnrealEngine-4.4.3-release/UnrealEngine-4.4.3-release/Engine/Binaries/Win64/../../../Engine/Shaders/PostProcessBloom.usf" 563
"D:/Developer/UnrealEngine-4.4.3-release/UnrealEngine-4.4.3-release/Engine/Binaries/Win64/../../../Engine/Shaders/PostProcessHMD.usf" 564
"D:/Developer/UnrealEngine-4.4.3-release/UnrealEngine-4.4.3-release/Engine/Binaries/Win64/../../../Engine/Shaders/PostProcessHistogramReduce.usf" 565
"D:/Developer/UnrealEngine-4.4.3-release/UnrealEngine-4.4.3-release/Engine/Binaries/Win64/../../../Engine/Shaders/PostProcessHistogram.usf" 566
"D:/Developer/UnrealEngine-4.4.3-release/UnrealEngine-4.4.3-release/Engine/Binaries/Win64/../../../Engine/Shaders/PostProcessGBufferHints.usf" 567
"D:/Developer/UnrealEngine-4.4.3-release/UnrealEngine-4.4.3-release/Engine/Binaries/Win64/../../../Engine/Shaders/PostProcessEyeAdaptation.usf" 568
"D:/Developer/UnrealEngine-4.4.3-release/UnrealEngine-4.4.3-release/Engine/Binaries/Win64/../../../Engine/Shaders/PostProcessDownsample.usf" 569
"D:/Developer/UnrealEngine-4.4.3-release/UnrealEngine-4.4.3-release/Engine/Binaries/Win64/../../../Engine/Shaders/PostProcessDOF.usf" 570
"D:/Developer/UnrealEngine-4.4.3-release/UnrealEngine-4.4.3-release/Engine/Binaries/Win64/../../../Engine/Shaders/PostProcessCompositeEditorPrimitives.usf" 571
"D:/Developer/UnrealEngine-4.4.3-release/UnrealEngine-4.4.3-release/Engine/Binaries/Win64/../../../Engine/Shaders/PostProcessCombineLUTs.usf" 572
"D:/Developer/UnrealEngine-4.4.3-release/UnrealEngine-4.4.3-release/Engine/Binaries/Win64/../../../Engine/Shaders/PostProcessBusyWait.usf" 573
"D:/Developer/UnrealEngine-4.4.3-release/UnrealEngine-4.4.3-release/Engine/Binaries/Win64/../../../Engine/Shaders/PostProcessBokehDOF.usf" 574
"D:/Developer/UnrealEngine-4.4.3-release/UnrealEngine-4.4.3-release/Engine/Binaries/Win64/../../../Engine/Shaders/FXAAShader.usf" 575
"D:/Developer/UnrealEngine-4.4.3-release/UnrealEngine-4.4.3-release/Engine/Binaries/Win64/../../../Engine/Shaders/Fxaa3_11.usf" 576
"D:/Developer/UnrealEngine-4.4.3-release/UnrealEngine-4.4.3-release/Engine/Binaries/Win64/../../../Engine/Shaders/PostProcessPassThrough.usf" 577
"D:/Developer/UnrealEngine-4.4.3-release/UnrealEngine-4.4.3-release/Engine/Binaries/Win64/../../../Engine/Shaders/PostProcessLpvIndirect.usf" 578
"D:/Developer/UnrealEngine-4.4.3-release/UnrealEngine-4.4.3-release/Engine/Binaries/Win64/../../../Engine/Shaders/DeferredLightingCommon.usf" 579
"D:/Developer/UnrealEngine-4.4.3-release/UnrealEngine-4.4.3-release/Engine/Binaries/Win64/../../../Engine/Shaders/DynamicLightingCommon.usf" 580
"D:/Developer/UnrealEngine-4.4.3-release/UnrealEngine-4.4.3-release/Engine/Binaries/Win64/../../../Engine/Shaders/IESLightProfilesCommon.usf" 581
"D:/Developer/UnrealEngine-4.4.3-release/UnrealEngine-4.4.3-release/Engine/Binaries/Win64/../../../Engine/Shaders/LPVFinalPass.usf" 582
"D:/Developer/UnrealEngine-4.4.3-release/UnrealEngine-4.4.3-release/Engine/Binaries/Win64/../../../Engine/Shaders/LPVCommon.usf" 583
"D:/Developer/UnrealEngine-4.4.3-release/UnrealEngine-4.4.3-release/Engine/Binaries/Win64/../../../Engine/Shaders/DeferredDecal.usf" 584
"D:/Developer/UnrealEngine-4.4.3-release/UnrealEngine-4.4.3-release/Engine/Binaries/Win64/../../../Engine/Shaders/PostProcessAmbientOcclusion.usf" 585
"D:/Developer/UnrealEngine-4.4.3-release/UnrealEngine-4.4.3-release/Engine/Binaries/Win64/../../../Engine/Shaders/PostProcessAmbient.usf" 586
"D:/Developer/UnrealEngine-4.4.3-release/UnrealEngine-4.4.3-release/Engine/Binaries/Win64/../../../Engine/Shaders/CubemapCommon.usf" 587
"D:/Developer/UnrealEngine-4.4.3-release/UnrealEngine-4.4.3-release/Engine/Binaries/Win64/../../../Engine/Shaders/VelocityShader.usf" 588
"D:/Developer/UnrealEngine-4.4.3-release/UnrealEngine-4.4.3-release/Engine/Binaries/Win64/../../../Engine/Shaders/Tessellation.usf" 589
"D:/Developer/UnrealEngine-4.4.3-release/UnrealEngine-4.4.3-release/Engine/Binaries/Win64/../../../Engine/Shaders/FlatTessellation.usf" 590
"D:/Developer/UnrealEngine-4.4.3-release/UnrealEngine-4.4.3-release/Engine/Binaries/Win64/../../../Engine/Shaders/PNTriangles.usf" 591
"D:/Developer/UnrealEngine-4.4.3-release/UnrealEngine-4.4.3-release/Engine/Binaries/Win64/../../../Engine/Shaders/TranslucentLightingShaders.usf" 592
"D:/Developer/UnrealEngine-4.4.3-release/UnrealEngine-4.4.3-release/Engine/Binaries/Win64/../../../Engine/Shaders/SHCommon.usf" 593
"D:/Developer/UnrealEngine-4.4.3-release/UnrealEngine-4.4.3-release/Engine/Binaries/Win64/../../../Engine/Shaders/ShadowProjectionCommon.usf" 594
"D:/Developer/UnrealEngine-4.4.3-release/UnrealEngine-4.4.3-release/Engine/Binaries/Win64/../../../Engine/Shaders/TranslucentLightInjectionShaders.usf" 595
"D:/Developer/UnrealEngine-4.4.3-release/UnrealEngine-4.4.3-release/Engine/Binaries/Win64/../../../Engine/Shaders/LightFunctionCommon.usf" 596
"D:/Developer/UnrealEngine-4.4.3-release/UnrealEngine-4.4.3-release/Engine/Binaries/Win64/../../../Engine/Shaders/TranslucentShadowDepthShaders.usf" 597
"D:/Developer/UnrealEngine-4.4.3-release/UnrealEngine-4.4.3-release/Engine/Binaries/Win64/../../../Engine/Shaders/ShadowDepthCommon.usf" 598
"D:/Developer/UnrealEngine-4.4.3-release/UnrealEngine-4.4.3-release/Engine/Binaries/Win64/../../../Engine/Shaders/TiledDeferredLightShaders.usf" 599
"D:/Developer/UnrealEngine-4.4.3-release/UnrealEngine-4.4.3-release/Engine/Binaries/Win64/../../../Engine/Shaders/ShadowProjectionPixelShader.usf" 600
"D:/Developer/UnrealEngine-4.4.3-release/UnrealEngine-4.4.3-release/Engine/Binaries/Win64/../../../Engine/Shaders/ShadowProjectionVertexShader.usf" 601
"D:/Developer/UnrealEngine-4.4.3-release/UnrealEngine-4.4.3-release/Engine/Binaries/Win64/../../../Engine/Shaders/ShadowDepthPixelShader.usf" 602
"D:/Developer/UnrealEngine-4.4.3-release/UnrealEngine-4.4.3-release/Engine/Binaries/Win64/../../../Engine/Shaders/LPVWriteVplCommon.usf" 603
"D:/Developer/UnrealEngine-4.4.3-release/UnrealEngine-4.4.3-release/Engine/Binaries/Win64/../../../Engine/Shaders/LPVWriteCommon.usf" 604
"D:/Developer/UnrealEngine-4.4.3-release/UnrealEngine-4.4.3-release/Engine/Binaries/Win64/../../../Engine/Shaders/ShadowDepthVertexShader.usf" 605
"D:/Developer/UnrealEngine-4.4.3-release/UnrealEngine-4.4.3-release/Engine/Binaries/Win64/../../../Engine/Shaders/ShaderComplexityApplyPixelShader.usf" 606
"D:/Developer/UnrealEngine-4.4.3-release/UnrealEngine-4.4.3-release/Engine/Binaries/Win64/../../../Engine/Shaders/ShaderComplexityApplyVertexShader.usf" 607
"D:/Developer/UnrealEngine-4.4.3-release/UnrealEngine-4.4.3-release/Engine/Binaries/Win64/../../../Engine/Shaders/ShaderComplexityAccumulatePixelShader.usf" 608
"D:/Developer/UnrealEngine-4.4.3-release/UnrealEngine-4.4.3-release/Engine/Binaries/Win64/../../../Engine/Shaders/GammaCorrection.usf" 609
"D:/Developer/UnrealEngine-4.4.3-release/UnrealEngine-4.4.3-release/Engine/Binaries/Win64/../../../Engine/Shaders/HZBOcclusion.usf" 610
"D:/Developer/UnrealEngine-4.4.3-release/UnrealEngine-4.4.3-release/Engine/Binaries/Win64/../../../Engine/Shaders/OcclusionQueryVertexShader.usf" 611
"D:/Developer/UnrealEngine-4.4.3-release/UnrealEngine-4.4.3-release/Engine/Binaries/Win64/../../../Engine/Shaders/HitProxyPixelShader.usf" 612
"D:/Developer/UnrealEngine-4.4.3-release/UnrealEngine-4.4.3-release/Engine/Binaries/Win64/../../../Engine/Shaders/HitProxyVertexShader.usf" 613
"D:/Developer/UnrealEngine-4.4.3-release/UnrealEngine-4.4.3-release/Engine/Binaries/Win64/../../../Engine/Shaders/ReflectionEnvironmentShaders.usf" 614
"D:/Developer/UnrealEngine-4.4.3-release/UnrealEngine-4.4.3-release/Engine/Binaries/Win64/../../../Engine/Shaders/ReflectionEnvironmentShared.usf" 615
"D:/Developer/UnrealEngine-4.4.3-release/UnrealEngine-4.4.3-release/Engine/Binaries/Win64/../../../Engine/Shaders/ReflectionEnvironmentComputeShaders.usf" 616
"D:/Developer/UnrealEngine-4.4.3-release/UnrealEngine-4.4.3-release/Engine/Binaries/Win64/../../../Engine/Shaders/LightShaftShader.usf" 617
"D:/Developer/UnrealEngine-4.4.3-release/UnrealEngine-4.4.3-release/Engine/Binaries/Win64/../../../Engine/Shaders/StationaryLightOverlapShaders.usf" 618
"D:/Developer/UnrealEngine-4.4.3-release/UnrealEngine-4.4.3-release/Engine/Binaries/Win64/../../../Engine/Shaders/DeferredLightPixelShaders.usf" 619
"D:/Developer/UnrealEngine-4.4.3-release/UnrealEngine-4.4.3-release/Engine/Binaries/Win64/../../../Engine/Shaders/DeferredLightVertexShaders.usf" 620
"D:/Developer/UnrealEngine-4.4.3-release/UnrealEngine-4.4.3-release/Engine/Binaries/Win64/../../../Engine/Shaders/LPVVisualise.usf" 621
"D:/Developer/UnrealEngine-4.4.3-release/UnrealEngine-4.4.3-release/Engine/Binaries/Win64/../../../Engine/Shaders/LPVGeometryVolumeCommon.usf" 622
"D:/Developer/UnrealEngine-4.4.3-release/UnrealEngine-4.4.3-release/Engine/Binaries/Win64/../../../Engine/Shaders/LPVDirectLightInject.usf" 623
"D:/Developer/UnrealEngine-4.4.3-release/UnrealEngine-4.4.3-release/Engine/Binaries/Win64/../../../Engine/Shaders/LPVPropagate.usf" 624
"D:/Developer/UnrealEngine-4.4.3-release/UnrealEngine-4.4.3-release/Engine/Binaries/Win64/../../../Engine/Shaders/LPVBuildGeometryVolume.usf" 625
"D:/Developer/UnrealEngine-4.4.3-release/UnrealEngine-4.4.3-release/Engine/Binaries/Win64/../../../Engine/Shaders/LPVInject_AccumulateVplLists.usf" 626
"D:/Developer/UnrealEngine-4.4.3-release/UnrealEngine-4.4.3-release/Engine/Binaries/Win64/../../../Engine/Shaders/LPVInject_GenerateVplLists.usf" 627
"D:/Developer/UnrealEngine-4.4.3-release/UnrealEngine-4.4.3-release/Engine/Binaries/Win64/../../../Engine/Shaders/LPVClearLists.usf" 628
"D:/Developer/UnrealEngine-4.4.3-release/UnrealEngine-4.4.3-release/Engine/Binaries/Win64/../../../Engine/Shaders/LPVClear.usf" 629
"D:/Developer/UnrealEngine-4.4.3-release/UnrealEngine-4.4.3-release/Engine/Binaries/Win64/../../../Engine/Shaders/LightMapDensityShader.usf" 630
"D:/Developer/UnrealEngine-4.4.3-release/UnrealEngine-4.4.3-release/Engine/Binaries/Win64/../../../Engine/Shaders/LightFunctionPixelShader.usf" 631
"D:/Developer/UnrealEngine-4.4.3-release/UnrealEngine-4.4.3-release/Engine/Binaries/Win64/../../../Engine/Shaders/LightFunctionVertexShader.usf" 632
"D:/Developer/UnrealEngine-4.4.3-release/UnrealEngine-4.4.3-release/Engine/Binaries/Win64/../../../Engine/Shaders/GPUBenchmark.usf" 633
"D:/Developer/UnrealEngine-4.4.3-release/UnrealEngine-4.4.3-release/Engine/Binaries/Win64/../../../Engine/Shaders/BasePassForForwardShadingPixelShader.usf" 634
"D:/Developer/UnrealEngine-4.4.3-release/UnrealEngine-4.4.3-release/Engine/Binaries/Win64/../../../Engine/Shaders/BasePassForForwardShadingCommon.usf" 635
"D:/Developer/UnrealEngine-4.4.3-release/UnrealEngine-4.4.3-release/Engine/Binaries/Win64/../../../Engine/Shaders/LightmapCommon.usf" 636
"D:/Developer/UnrealEngine-4.4.3-release/UnrealEngine-4.4.3-release/Engine/Binaries/Win64/../../../Engine/Shaders/BasePassForForwardShadingVertexShader.usf" 637
"D:/Developer/UnrealEngine-4.4.3-release/UnrealEngine-4.4.3-release/Engine/Binaries/Win64/../../../Engine/Shaders/HeightFogCommon.usf" 638
"D:/Developer/UnrealEngine-4.4.3-release/UnrealEngine-4.4.3-release/Engine/Binaries/Win64/../../../Engine/Shaders/HeightFogPixelShader.usf" 639
"D:/Developer/UnrealEngine-4.4.3-release/UnrealEngine-4.4.3-release/Engine/Binaries/Win64/../../../Engine/Shaders/HeightFogVertexShader.usf" 640
"D:/Developer/UnrealEngine-4.4.3-release/UnrealEngine-4.4.3-release/Engine/Binaries/Win64/../../../Engine/Shaders/DistortAccumulatePS.usf" 641
"D:/Developer/UnrealEngine-4.4.3-release/UnrealEngine-4.4.3-release/Engine/Binaries/Win64/../../../Engine/Shaders/DistortAccumulateVS.usf" 642
"D:/Developer/UnrealEngine-4.4.3-release/UnrealEngine-4.4.3-release/Engine/Binaries/Win64/../../../Engine/Shaders/DistortApplyScreenPS.usf" 643
"D:/Developer/UnrealEngine-4.4.3-release/UnrealEngine-4.4.3-release/Engine/Binaries/Win64/../../../Engine/Shaders/SkyLighting.usf" 644
"D:/Developer/UnrealEngine-4.4.3-release/UnrealEngine-4.4.3-release/Engine/Binaries/Win64/../../../Engine/Shaders/DistanceFieldSurfaceCacheLighting.usf" 645
"D:/Developer/UnrealEngine-4.4.3-release/UnrealEngine-4.4.3-release/Engine/Binaries/Win64/../../../Engine/Shaders/DistanceFieldLightingShared.usf" 646
"D:/Developer/UnrealEngine-4.4.3-release/UnrealEngine-4.4.3-release/Engine/Binaries/Win64/../../../Engine/Shaders/DistanceFieldSurfaceCacheLightingCompute.usf" 647
"D:/Developer/UnrealEngine-4.4.3-release/UnrealEngine-4.4.3-release/Engine/Binaries/Win64/../../../Engine/Shaders/DepthOnlyPixelShader.usf" 648
"D:/Developer/UnrealEngine-4.4.3-release/UnrealEngine-4.4.3-release/Engine/Binaries/Win64/../../../Engine/Shaders/DepthOnlyVertexShader.usf" 649
"D:/Developer/UnrealEngine-4.4.3-release/UnrealEngine-4.4.3-release/Engine/Binaries/Win64/../../../Engine/Shaders/PositionOnlyDepthVertexShader.usf" 650
"D:/Developer/UnrealEngine-4.4.3-release/UnrealEngine-4.4.3-release/Engine/Binaries/Win64/../../../Engine/Shaders/DownsampleDepthPixelShader.usf" 651
"D:/Developer/UnrealEngine-4.4.3-release/UnrealEngine-4.4.3-release/Engine/Binaries/Win64/../../../Engine/Shaders/BasePassPixelShader.usf" 652
"D:/Developer/UnrealEngine-4.4.3-release/UnrealEngine-4.4.3-release/Engine/Binaries/Win64/../../../Engine/Shaders/BasePassCommon.usf" 653
"D:/Developer/UnrealEngine-4.4.3-release/UnrealEngine-4.4.3-release/Engine/Binaries/Win64/../../../Engine/Shaders/BasePassVertexShader.usf" 654
"D:/Developer/UnrealEngine-4.4.3-release/UnrealEngine-4.4.3-release/Engine/Binaries/Win64/../../../Engine/Shaders/BasePassVertexCommon.usf" 655
"D:/Developer/UnrealEngine-4.4.3-release/UnrealEngine-4.4.3-release/Engine/Binaries/Win64/../../../Engine/Shaders/BasePassTessellationShaders.usf" 656
"D:/Developer/UnrealEngine-4.4.3-release/UnrealEngine-4.4.3-release/Engine/Binaries/Win64/../../../Engine/Shaders/AtmospherePrecompute.usf" 657
"D:/Developer/UnrealEngine-4.4.3-release/UnrealEngine-4.4.3-release/Engine/Binaries/Win64/../../../Engine/Shaders/AtmospherePrecomputeCommon.usf" 658
"D:/Developer/UnrealEngine-4.4.3-release/UnrealEngine-4.4.3-release/Engine/Binaries/Win64/../../../Engine/Shaders/AtmospherePrecomputeInscatter.usf" 659
"D:/Developer/UnrealEngine-4.4.3-release/UnrealEngine-4.4.3-release/Engine/Binaries/Win64/../../../Engine/Shaders/AtmosphericFogShader.usf" 660
"D:/Developer/UnrealEngine-4.4.3-release/UnrealEngine-4.4.3-release/Engine/Binaries/Win64/../../../Engine/Shaders/ParticleSortKeyGen.usf" 661
"D:/Developer/UnrealEngine-4.4.3-release/UnrealEngine-4.4.3-release/Engine/Binaries/Win64/../../../Engine/Shaders/ParticleBoundsShader.usf" 662
"D:/Developer/UnrealEngine-4.4.3-release/UnrealEngine-4.4.3-release/Engine/Binaries/Win64/../../../Engine/Shaders/ParticleSimVisualizeShader.usf" 663
"D:/Developer/UnrealEngine-4.4.3-release/UnrealEngine-4.4.3-release/Engine/Binaries/Win64/../../../Engine/Shaders/ParticleInjectionShader.usf" 664
"D:/Developer/UnrealEngine-4.4.3-release/UnrealEngine-4.4.3-release/Engine/Binaries/Win64/../../../Engine/Shaders/ParticleSimulationShader.usf" 665
"D:/Developer/UnrealEngine-4.4.3-release/UnrealEngine-4.4.3-release/Engine/Binaries/Win64/../../../Engine/Shaders/ParticleCurveInjectionShader.usf" 666
"D:/Developer/UnrealEngine-4.4.3-release/UnrealEngine-4.4.3-release/Engine/Binaries/Win64/../../../Engine/Shaders/VectorFieldCompositeShaders.usf" 667
"D:/Developer/UnrealEngine-4.4.3-release/UnrealEngine-4.4.3-release/Engine/Binaries/Win64/../../../Engine/Shaders/UpdateTextureShaders.usf" 668
"D:/Developer/UnrealEngine-4.4.3-release/UnrealEngine-4.4.3-release/Engine/Binaries/Win64/../../../Engine/Shaders/SimpleElementColorChannelMaskPixelShader.usf" 669
"D:/Developer/UnrealEngine-4.4.3-release/UnrealEngine-4.4.3-release/Engine/Binaries/Win64/../../../Engine/Shaders/SimpleElementHitProxyPixelShader.usf" 670
"D:/Developer/UnrealEngine-4.4.3-release/UnrealEngine-4.4.3-release/Engine/Binaries/Win64/../../../Engine/Shaders/SimpleElementPixelShader.usf" 671
"D:/Developer/UnrealEngine-4.4.3-release/UnrealEngine-4.4.3-release/Engine/Binaries/Win64/../../../Engine/Shaders/ColorUtils.usf" 672
"D:/Developer/UnrealEngine-4.4.3-release/UnrealEngine-4.4.3-release/Engine/Binaries/Win64/../../../Engine/Shaders/SimpleElementVertexShader.usf" 673
"D:/Developer/UnrealEngine-4.4.3-release/UnrealEngine-4.4.3-release/Engine/Binaries/Win64/../../../Engine/Shaders/ScreenVertexShader.usf" 674
"D:/Developer/UnrealEngine-4.4.3-release/UnrealEngine-4.4.3-release/Engine/Binaries/Win64/../../../Engine/Shaders/ScreenPixelShader.usf" 675
"D:/Developer/UnrealEngine-4.4.3-release/UnrealEngine-4.4.3-release/Engine/Binaries/Win64/../../../Engine/Shaders/RadixSortShaders.usf" 676
"D:/Developer/UnrealEngine-4.4.3-release/UnrealEngine-4.4.3-release/Engine/Binaries/Win64/../../../Engine/Shaders/GpuSkinCacheComputeShader.usf" 677
"D:/Developer/UnrealEngine-4.4.3-release/UnrealEngine-4.4.3-release/Engine/Binaries/Win64/../../../Engine/Shaders/NullPixelShader.usf" 678
"D:/Developer/UnrealEngine-4.4.3-release/UnrealEngine-4.4.3-release/Engine/Binaries/Win64/../../../Engine/Shaders/ClearReplacementShaders.usf" 679
"D:/Developer/UnrealEngine-4.4.3-release/UnrealEngine-4.4.3-release/Engine/Binaries/Win64/../../../Engine/Shaders/SimpleElementTexture2DPreviewPixelShader.usf" 680
"D:/Developer/UnrealEngine-4.4.3-release/UnrealEngine-4.4.3-release/Engine/Binaries/Win64/../../../Engine/Shaders/SimpleElementNormalMapPixelShader.usf" 681
"D:/Developer/UnrealEngine-4.4.3-release/UnrealEngine-4.4.3-release/Engine/Binaries/Win64/../../../Engine/Shaders/meshpaintdilatepixelshader.usf" 682
"D:/Developer/UnrealEngine-4.4.3-release/UnrealEngine-4.4.3-release/Engine/Binaries/Win64/../../../Engine/Shaders/meshpaintdilatevertexshader.usf" 683
"D:/Developer/UnrealEngine-4.4.3-release/UnrealEngine-4.4.3-release/Engine/Binaries/Win64/../../../Engine/Shaders/MeshPaintPixelShader.usf" 684
"D:/Developer/UnrealEngine-4.4.3-release/UnrealEngine-4.4.3-release/Engine/Binaries/Win64/../../../Engine/Shaders/MeshPaintVertexShader.usf" 685
"../../../Engine/Config/IOS/IOSEngine.ini" 686
"../../../../../Jablo/UNREAL_AKTUALNY_PROJEKT/MyProject4/DerivedDataCache/Boot.ddc" 687
"../../../Engine/Content/Maps/Templates/Thumbnails/Default.uasset" 688
"../../../Engine/Content/EditorMaterials/ParticleSystems/PSysThumbnail_NoImage.uasset" 689
"../../../Engine/Content/EditorMaterials/ParticleSystems/PSysThumbnail_OOD.uasset" 690
"../../../Engine/DerivedDataCache/4/3/3/TEXTURE_75F87CE100B546AAB8A1C4132AF9DB17_AUTODXT_55809E694EE7DB292235CC917A5C5__2FCFA32BD3EDE1178CACBB3F8BA3D98C2B49DEF6.udd" 691
"../../../Engine/DerivedDataCache/3/6/0/TEXTURE_75F87CE100B546AAB8A1C4132AF9DB17_AUTODXT_55809E694EE7DB292235CC917A5C5__F145403B180401F16770D767976C590D1745ACF5.udd" 692
"../../../Engine/Content/EditorResources/S_Actor.uasset" 693
"../../../Engine/DerivedDataCache/7/5/4/TEXTURE_75F87CE100B546AAB8A1C4132AF9DB17_AUTODXT_7BC0404946D77A8C093A10AE0677E__E7E26A5F7F24271DF6B1E35ACB47CF22112C2E8A.udd" 694
"../../../Engine/Content/EngineDamageTypes/DmgTypeBP_Environmental.uasset" 695
"../../../Engine/Content/EditorLandscapeResources/DataLayer.uasset" 696
"../../../Engine/Content/EngineMeshes/Sphere.uasset" 697
"../../../Engine/DerivedDataCache/3/1/9/TEXTURE_75F87CE100B546AAB8A1C4132AF9DB17_BGRA8_5216118D4EACC7D4064ADCBA89F7720__816EAA066FE68A6A4E4548B2790CC2B9FF362095.udd" 698
"../../../Engine/Content/EngineFonts/RobotoDistanceField.uasset" 699
"../../../Engine/Content/EngineMaterials/DefaultTextMaterialOpaque.uasset" 700
"../../../Engine/Content/Functions/Engine_MaterialFunctions01/Shading/PowerToRoughness.uasset" 701
"../../../Engine/Content/Functions/Engine_MaterialFunctions01/Shading/ConvertFromDiffSpec.uasset" 702
"../../../Engine/Content/EngineMaterials/WorldGridMaterial.uasset" 703
"../../../Engine/Content/Functions/Engine_MaterialFunctions01/Opacity/CameraDepthFade.uasset" 704
"../../../Engine/Content/EngineMaterials/T_Default_Material_Grid_M.uasset" 705
"../../../Engine/Content/EngineMaterials/T_Default_Material_Grid_N.uasset" 706
"../../../Engine/Content/EngineMaterials/DefaultDeferredDecalMaterial.uasset" 707
"../../../Engine/Content/EngineMaterials/DefaultDiffuse.uasset" 708
"../../../Engine/Content/EngineMaterials/DefaultLightFunctionMaterial.uasset" 709
"../../../Engine/Content/EngineMaterials/DefaultPostProcessMaterial.uasset" 710
"../../../Engine/Content/Functions/Engine_MaterialFunctions02/Utility/BreakOutFloat2Components.uasset" 711
"../../../Engine/DerivedDataCache/2/9/1/TEXTURE_75F87CE100B546AAB8A1C4132AF9DB17_AUTODXT_FDD461EC4EDF5F99C659709B7A42E__A8C73480C3B7E387171CA42CE164BEA10458315A.udd" 712
"../../../Engine/DerivedDataCache/4/0/0/TEXTURE_75F87CE100B546AAB8A1C4132AF9DB17_AUTODXT_FDD461EC4EDF5F99C659709B7A42E__765CB57B9EE2C3521226BFF37FD25948973BA2AA.udd" 713
"../../../Engine/DerivedDataCache/6/2/2/TEXTURE_75F87CE100B546AAB8A1C4132AF9DB17_AUTODXT_FDD461EC4EDF5F99C659709B7A42E__9D9D9464F2031E4EEBC51191A99B152589D0B031.udd" 714
"../../../Engine/DerivedDataCache/6/4/9/TEXTURE_75F87CE100B546AAB8A1C4132AF9DB17_BC5_565E0359430950FA252A118AF8521636___4AD6E4F984DE00F0D3EF8D5E2C5AF1C58E48803C.udd" 715
"../../../Engine/DerivedDataCache/5/0/8/TEXTURE_75F87CE100B546AAB8A1C4132AF9DB17_BC5_565E0359430950FA252A118AF8521636___132003A3B9766D167BDC49790A7038A5AB39DFB5.udd" 716
"../../../Engine/DerivedDataCache/7/8/4/TEXTURE_75F87CE100B546AAB8A1C4132AF9DB17_AUTODXT_B21C1AFF42ACD5ADC8C382B3A090A__236B189F2D5E203E0D676D201F7BFDDCDAF597C8.udd" 717
"../../../Engine/DerivedDataCache/9/4/0/TEXTURE_75F87CE100B546AAB8A1C4132AF9DB17_AUTODXT_B21C1AFF42ACD5ADC8C382B3A090A__40C0AB1A75DF73413B1D2CBC429A6B0FE02CD907.udd" 718
"../../../Engine/DerivedDataCache/1/5/1/TEXTURE_75F87CE100B546AAB8A1C4132AF9DB17_AUTODXT_B21C1AFF42ACD5ADC8C382B3A090A__A3F30DD03474FE4260A9D1E8BE73D6E1CE0D690C.udd" 719
"../../../Engine/DerivedDataCache/7/2/4/TEXTURE_75F87CE100B546AAB8A1C4132AF9DB17_AUTODXT_B21C1AFF42ACD5ADC8C382B3A090A__AD4962EC8ECB7A3AD7EC600163CABFE5D8EEA088.udd" 720
