Log file open, 03/03/15 18:14:00
LogInit:Display: Running engine for game: MyProject4
LogInit: Version: 4.7.1-2462028+++depot+UE4-Releases+4.7
LogInit: API Version: 2455222
LogInit: Compiled (64-bit): Feb 26 2015 07:49:00
LogInit: Compiled with Visual C++: 18.00.21005.01
LogInit: Build Configuration: Development
LogInit: Branch Name: ++depot+UE4-Releases+4.7
LogInit: Command line:  
LogInit: Base directory: D:/Programs/UE4/Epic Games/4.7/Engine/Binaries/Win64/
LogInit: Rocket: 1
[2015.03.03-17.14.00:363][  0]LogTaskGraph: Started task graph with 3 named threads and 4 total threads.
[2015.03.03-17.14.00:480][  0]LogOnline:Warning: No default platform service specified for OnlineSubsystem
[2015.03.03-17.14.01:102][  0]LogInit: Presizing for 0 objects not considered by GC, pre-allocating 0 bytes.
[2015.03.03-17.14.01:314][  0]LogInit: Object subsystem initialized
[2015.03.03-17.14.01:600][  0]LogInit: Selected Device Profile: [Windows]
[2015.03.03-17.14.01:617][  0]LogInit: Applying CVar settings loaded from the selected device profile: [Windows]
[2015.03.03-17.14.01:757][  0]LogInit: Computer: WHDR522
[2015.03.03-17.14.01:757][  0]LogInit: User: Whitehead
[2015.03.03-17.14.01:757][  0]LogInit: CPU Page size=4096, Cores=2
[2015.03.03-17.14.01:757][  0]LogInit: High frequency timer resolution =2.045703 MHz
[2015.03.03-17.14.01:757][  0]LogMemory: Memory total: Physical=4.0GB (4GB approx) Virtual=8192.0GB
[2015.03.03-17.14.01:757][  0]LogMemory: Platform Memory Stats for Windows
[2015.03.03-17.14.01:757][  0]LogMemory: Process Physical Memory: 46.27 MB used, 46.27 MB peak
[2015.03.03-17.14.01:757][  0]LogMemory: Process Virtual Memory: 24.72 MB used, 24.72 MB peak
[2015.03.03-17.14.01:758][  0]LogMemory: Physical Memory: 2356.36 MB used, 4060.61 MB total
[2015.03.03-17.14.01:758][  0]LogMemory: Virtual Memory: 276.17 MB used, 8388608.00 MB total
[2015.03.03-17.14.02:091][  0]LogD3D11RHI: Found D3D11 adapter 0: ATI Mobility Radeon HD 4300 Series (Feature Level 10_0)
[2015.03.03-17.14.02:091][  0]LogD3D11RHI: Adapter has 505MB of dedicated video memory, 0MB of dedicated system memory, and 1774MB of shared system memory, 2 output[s]
[2015.03.03-17.14.02:091][  0]LogD3D11RHI: Chosen D3D11 Adapter Id = 0
[2015.03.03-17.14.02:157][  0]LogRHI: Texture pool is 353 MB (70% of 505 MB)
[2015.03.03-17.14.02:207][  0]LogD3D11RHI: Async texture creation disabled: no driver support
[2015.03.03-17.14.05:037][  0]LogTextLocalizationManager: The requested culture ('pl_PL') has no localization data; falling back to 'en' for localization and internationalization data.
[2015.03.03-17.14.05:458][  0]LogContentStreaming: Texture pool size is 0.000000MB
[2015.03.03-17.14.20:718][  0]LogTargetPlatformManager:Display: Building Assets For Windows
[2015.03.03-17.14.23:692][  0]LogTargetPlatformManager:Display: Building Assets For Windows
[2015.03.03-17.14.23:898][  0]LogDerivedDataCache:Display: Max Cache Size: 512 MB
[2015.03.03-17.14.24:798][  0]LogDerivedDataCache: Loaded boot cache 0.90s 36MB C:/Users/Whitehead/AppData/Local/UnrealEngine/4.7/DerivedDataCache/Boot.ddc.
[2015.03.03-17.14.24:798][  0]LogDerivedDataCache:Display: Loaded Boot cache: C:/Users/Whitehead/AppData/Local/UnrealEngine/4.7/DerivedDataCache/Boot.ddc
[2015.03.03-17.14.24:798][  0]LogDerivedDataCache: FDerivedDataBackendGraph:  Pak pak cache file ../../../../../../../Jablo/Jablo-czysto/Jablo-na-czysto/Projekt_UE4/DerivedDataCache/DDC.ddp not found, will not use a pak cache.
[2015.03.03-17.14.24:798][  0]LogDerivedDataCache: Unable to find inner node Pak for hierarchical cache Hierarchy.
[2015.03.03-17.14.25:187][  0]LogDerivedDataCache:Display: Pak cache opened for reading ../../../Engine/DerivedDataCache/Compressed.ddp.
[2015.03.03-17.14.25:227][  0]LogDerivedDataCache: Using Local data cache path C:/Users/Whitehead/AppData/Local/UnrealEngine/Common/DerivedDataCache: Writable
[2015.03.03-17.14.46:443][  0]LogMeshUtilities: No automatic mesh reduction module available
[2015.03.03-17.14.46:443][  0]LogMeshUtilities: No automatic mesh merging module available
[2015.03.03-17.14.55:652][  0]LogInit: WinSock: version 1.1 (2.2), MaxSocks=32767, MaxUdp=65467
[2015.03.03-17.14.56:940][  0]LogSlate:Warning: Failed to load font data from '../../../Engine/Content/Slate/Fonts/Roboto-Italic.ttf'
[2015.03.03-17.15.45:676][  0]UdpMessaging: Initializing bridge on interface 0.0.0.0:0 to multicast group 230.0.0.1:6666.
[2015.03.03-17.15.48:824][  0]SourceControl: Info Source control is disabled
[2015.03.03-17.15.48:843][  0]SourceControl: Info Source control is disabled
[2015.03.03-17.15.48:843][  0]SourceControl: Info Source control is disabled
[2015.03.03-17.15.48:901][  0]LogSourceControl: RunCommandInternalRaw: 'git version'
[2015.03.03-17.15.48:901][  0]LogSourceControl: RunCommandInternalRaw: ExecProcess ReturnCode=2 OutResults=''
[2015.03.03-17.15.50:702][  0]LogObj: 24231 objects as part of root set at end of initial load.
[2015.03.03-17.15.50:702][  0]LogUObjectAllocator: 5136440 out of 0 bytes used by permanent object pool.
[2015.03.03-17.15.53:302][  0]LogEngine: Initializing Engine...
[2015.03.03-17.15.56:426][  0]LogInit: XAudio2 using 'Głośniki (Urządzenie zgodne ze standardem High Definition Audio)' : 2 channels at 44.1 kHz using 16 bits per sample (channel mask 0x3)
[2015.03.03-17.15.56:466][  0]LogInit: FAudioDevice initialized.
[2015.03.03-17.15.57:790][  0]LogAIModule: Creating AISystem for world NewWorld
[2015.03.03-17.15.58:021][  0]LogDerivedDataCache: Saved boot cache 0.07s 36MB C:/Users/Whitehead/AppData/Local/UnrealEngine/4.7/DerivedDataCache/Boot.ddc.
[2015.03.03-17.15.58:075][  0]LogInit: Texture streaming: Enabled
[2015.03.03-17.16.00:011][  0]LogAnalytics: Creating configured Analytics provider AnalyticsET
[2015.03.03-17.16.00:011][  0]LogAnalytics: ET APIKey = Rocket.Release. APIServer = http://et2.epicgames.com/ET2/. AppVersion = 4.7.1-2462028+++depot+UE4-Releases+4.7
[2015.03.03-17.16.00:011][  0]LogAnalytics: ET APIKey = Rocket.Release. DataRouterUploadURL = https://datarouter-public-service-gamedev.ol.epicgames.net/datarouter/api/v1/public/data. AppVersion = 4.7.1-2462028+++depot+UE4-Releases+4.7
[2015.03.03-17.16.00:011][  0]LogAnalytics: SetUserId 08c8fd254776830bfdf083a64c8bdf93|636e92c1f5d04605be002e0e94ea500c|c47a838d-cc00-4ef0-b5a7-eb19e2c57c7f
[2015.03.03-17.16.00:050][  0]LogAnalytics: AnalyticsET::StartSession [Rocket.Release]
[2015.03.03-17.16.00:945][  0]LogInit: Transaction tracking system initialized
[2015.03.03-17.16.05:418][  0]BlueprintLog: New page: Editor Load
[2015.03.03-17.16.06:032][  0]LogAssetRegistry: FAssetRegistry took 0.3783 seconds to start up
[2015.03.03-17.16.06:034][  0]LogDirectoryWatcher:Warning: Failed to begin reading directory changes for ../../../Engine/Plugins/Experimental/CharacterAI/Content/. Error: 0
[2015.03.03-17.16.16:569][  0]LogTargetPlatformManager:Display: Building Assets For Windows
[2015.03.03-17.16.17:789][  0]LogTargetPlatformManager:Display: Building Assets For Windows
[2015.03.03-17.16.20:818][  0]LogSlate:Warning: Failed to load font data from '../../../Engine/Content/Editor/Slate/Fonts/Roboto-Regular.ttf'
[2015.03.03-17.16.20:819][  0]LogSlate:Warning: Failed to load font data from '../../../Engine/Content/Editor/Slate/Fonts/Roboto-Bold.ttf'
[2015.03.03-17.16.20:964][  0]LogConsoleResponse:Display: 
[2015.03.03-17.16.26:753][  0]LogCook:Display: Done creating registry. It took  0.00s.
[2015.03.03-17.16.33:646][  0]LogSourceControl: RunCommandInternalRaw: 'git version'
[2015.03.03-17.16.33:646][  0]LogSourceControl: RunCommandInternalRaw: ExecProcess ReturnCode=2 OutResults=''
[2015.03.03-17.16.33:903][  0]Cmd: MAP LOAD FILE="../../../../../../../Jablo/Jablo-czysto/Jablo-na-czysto/Projekt_UE4/Content/Maps/Level1.umap" TEMPLATE=0 SHOWPROGRESS=1 FEATURELEVEL=2
[2015.03.03-17.16.33:956][  0]LightingResults: New page: Lighting Build
[2015.03.03-17.16.34:752][  0]MapCheck: New page: Map Check
[2015.03.03-17.16.34:752][  0]LightingResults: New page: Lighting Build
[2015.03.03-17.16.37:073][  0]LogParticles: Destroying 0 GPU particle simulations for FXSystem 0x0000000013235300
[2015.03.03-17.16.39:242][  0]LogLinker:Warning: Asset '../../../../../../../Jablo/Jablo-czysto/Jablo-na-czysto/Projekt_UE4/Content/Blueprints/wrogowie/BP_Wrog1.uasset' has been saved with empty engine version. The asset will be loaded but may be incompatible.
[2015.03.03-17.16.39:382][  0]LogLinker:Warning: Asset '../../../../../../../Jablo/Jablo-czysto/Jablo-na-czysto/Projekt_UE4/Content/Blueprints/Mechanika/AI/BP_AI_Controller.uasset' has been saved with empty engine version. The asset will be loaded but may be incompatible.
[2015.03.03-17.16.39:428][  0]LogLinker:Warning: Asset '../../../../../../../Jablo/Jablo-czysto/Jablo-na-czysto/Projekt_UE4/Content/Blueprints/Mechanika/AI/BT_AI_Wrog.uasset' has been saved with empty engine version. The asset will be loaded but may be incompatible.
[2015.03.03-17.16.39:491][  0]LogLinker:Warning: Asset '../../../../../../../Jablo/Jablo-czysto/Jablo-na-czysto/Projekt_UE4/Content/Blueprints/Mechanika/AI/BB_AI_Wrog.uasset' has been saved with empty engine version. The asset will be loaded but may be incompatible.
[2015.03.03-17.16.39:520][  0]LogLinker:Warning: Asset '../../../../../../../Jablo/Jablo-czysto/Jablo-na-czysto/Projekt_UE4/Content/Blueprints/Mechanika/AI/BTService_DystansDoCelu.uasset' has been saved with empty engine version. The asset will be loaded but may be incompatible.
[2015.03.03-17.16.43:775][  0]LogLinker:Warning: Asset '../../../../../../../Jablo/Jablo-czysto/Jablo-na-czysto/Projekt_UE4/Content/Blueprints/Mechanika/AI/BTT_AI_Obrazenia.uasset' has been saved with empty engine version. The asset will be loaded but may be incompatible.
[2015.03.03-17.16.44:225][  0]LogLinker:Warning: Asset '../../../../../../../Jablo/Jablo-czysto/Jablo-na-czysto/Projekt_UE4/Content/Blueprints/Mechanika/AI/BTT_Set_BB_Actor.uasset' has been saved with empty engine version. The asset will be loaded but may be incompatible.
[2015.03.03-17.16.44:553][  0]LogLinker:Warning: Asset '../../../../../../../Jablo/Jablo-czysto/Jablo-na-czysto/Projekt_UE4/Content/Blueprints/Mechanika/AI/BTT_Set_BB_Bool.uasset' has been saved with empty engine version. The asset will be loaded but may be incompatible.
[2015.03.03-17.16.46:111][  0]LogLinker:Warning: Asset '../../../../../../../Jablo/Jablo-czysto/Jablo-na-czysto/Projekt_UE4/Content/Blueprints/HeroTPP.uasset' has been saved with empty engine version. The asset will be loaded but may be incompatible.
[2015.03.03-17.16.46:478][  0]LogLinker:Warning: Asset '../../../../../../../Jablo/Jablo-czysto/Jablo-na-czysto/Projekt_UE4/Content/Blueprints/HeroTPP_Skeleton.uasset' has been saved with empty engine version. The asset will be loaded but may be incompatible.
[2015.03.03-17.16.52:196][  0]LogLinker:Warning: Asset '../../../../../../../Jablo/Jablo-czysto/Jablo-na-czysto/Projekt_UE4/Content/Props/drewniana_skrzynia.uasset' has been saved with empty engine version. The asset will be loaded but may be incompatible.
[2015.03.03-17.16.52:211][  0]LogLinker:Warning: Asset '../../../../../../../Jablo/Jablo-czysto/Jablo-na-czysto/Projekt_UE4/Content/Props/drewniana_skrzynia2.uasset' has been saved with empty engine version. The asset will be loaded but may be incompatible.
[2015.03.03-17.16.53:028][  0]LogLinker:Warning: Asset '../../../../../../../Jablo/Jablo-czysto/Jablo-na-czysto/Projekt_UE4/Content/Props/swietlowka.uasset' has been saved with empty engine version. The asset will be loaded but may be incompatible.
[2015.03.03-17.16.57:619][  0]LogMaterial: Missing cached shader map for material M_Basic_Floor, compiling. 
[2015.03.03-17.16.57:808][  0]LogMaterial: Missing cached shader map for material M_Basic_Wall, compiling. 
[2015.03.03-17.17.00:307][  0]LogTexture:Display: Building textures: T_Concrete_Grime_D (AutoDXT)
[2015.03.03-17.17.53:823][  0]LogTexture:Display: Building textures: T_Metal_Rust_N (BC5)
[2015.03.03-17.18.01:066][  0]LogTexture:Display: Building textures: T_Perlin_Noise_M (AutoDXT)
[2015.03.03-17.18.57:935][  0]LogMaterial: Missing cached shader map for material M_Concrete_Grime, compiling. 
[2015.03.03-17.19.00:087][  0]LogTexture:Display: Building textures: T_Concrete_Tiles_D (AutoDXT)
[2015.03.03-17.19.42:850][  0]LogTexture:Display: Building textures: T_Concrete_Tiles_M (AutoDXT)
[2015.03.03-17.20.31:088][  0]LogTexture:Display: Building textures: T_Concrete_Tiles_N (BC5)
[2015.03.03-17.20.35:839][  0]LogTexture:Display: Building textures: T_Concrete_Tiles_Variation_M (AutoDXT)
[2015.03.03-17.20.36:236][  0]LogMaterial: Missing cached shader map for material M_Concrete_Tiles, compiling. 
[2015.03.03-17.20.36:515][  0]LogMaterial: Missing cached shader map for material M_Glass, compiling. 
[2015.03.03-17.20.37:560][  0]LogTexture:Display: Building textures: T_Metal_Steel_D (AutoDXT)
[2015.03.03-17.21.11:198][  0]LogTexture:Display: Building textures: T_Metal_Steel_N (BC5)
[2015.03.03-17.21.16:251][  0]LogMaterial: Missing cached shader map for material M_Metal_Steel, compiling. 
[2015.03.03-17.21.17:929][  0]LogTexture:Display: Building textures: T_Wood_Oak_D (AutoDXT)
[2015.03.03-17.22.12:406][  0]LogTexture:Display: Building textures: T_Wood_Oak_N (BC5)
[2015.03.03-17.22.19:260][  0]LogMaterial: Missing cached shader map for material M_Wood_Oak, compiling. 
[2015.03.03-17.22.22:142][  0]LogTexture:Display: Building textures: T_Wood_Pine_D (AutoDXT)
[2015.03.03-17.23.30:789][  0]LogTexture:Display: Building textures: T_Wood_Pine_N (BC5)
[2015.03.03-17.23.35:582][  0]LogMaterial: Missing cached shader map for material M_Wood_Pine, compiling. 
[2015.03.03-17.23.35:778][  0]LogStaticMesh: Building static mesh Wall_400x200...
[2015.03.03-17.23.36:617][  0]LogStaticMesh: Built static mesh [915.943298ms] /Game/Architecture/Wall_400x200.Wall_400x200
[2015.03.03-17.23.37:105][  0]LogStaticMesh: Building static mesh Floor_400x400...
[2015.03.03-17.23.37:106][  0]LogStaticMesh: Built static mesh [38.368717ms] /Game/Architecture/Floor_400x400.Floor_400x400
[2015.03.03-17.23.37:140][  0]LogStaticMesh: Building static mesh drewniana_skrzynia...
[2015.03.03-17.23.37:146][  0]LogStaticMesh: Built static mesh [39.468094ms] /Game/Props/drewniana_skrzynia.drewniana_skrzynia
[2015.03.03-17.23.37:150][  0]LogStaticMesh: Building static mesh drewniana_skrzynia2...
[2015.03.03-17.23.37:191][  0]LogStaticMesh: Built static mesh [42.333614ms] /Game/Props/drewniana_skrzynia2.drewniana_skrzynia2
[2015.03.03-17.23.37:233][  0]LogStaticMesh: Building static mesh swietlowka...
[2015.03.03-17.23.37:235][  0]LogStaticMesh: Built static mesh [15.902601ms] /Game/Props/swietlowka.swietlowka
[2015.03.03-17.23.41:619][  0]LogEditorServer: Finished looking for orphan Actors (0.000 secs)
[2015.03.03-17.23.42:293][  0]LogAIModule: Creating AISystem for world Level1
[2015.03.03-17.23.42:482][  0]Cmd: MAP CHECKDEP
[2015.03.03-17.23.42:559][  0]MapCheck: New page: Level1 - Mar 3, 2015, 7:23:42 PM
[2015.03.03-17.23.43:596][  0]MapCheck: Info Map check complete: 0 Error(s), 0 Warning(s), took 1,113.338ms to complete.
[2015.03.03-17.23.43:679][  0]LogFileHelpers: Loading map 'Level1' took 429.806
[2015.03.03-17.23.50:609][  0]LogCollectionManager: Loaded 0 collections in 0.004068 seconds
[2015.03.03-17.23.51:222][  0]LogContentBrowser: Native class hierarchy populated in 0.5366 seconds. Added 1696 classes and 261 folders.
[2015.03.03-17.23.58:612][  0]LogContentBrowser: Native class hierarchy updated for 'SceneOutliner' in 0.8155 seconds. Added 1 classes and 2 folders.
[2015.03.03-17.24.10:149][  0]LogCrashTracker: Crashtracker disabled due to settings.
[2015.03.03-17.24.10:578][  0]LogSlate:Warning: Failed to load font data from 'Veranda'
[2015.03.03-17.24.13:094][  0]LogLoad: Full Startup: 626.57 seconds (BP compile: 3.88 seconds)
[2015.03.03-17.24.19:170][  0]LogContentBrowser:Verbose: The content browser source was changed by the sources view to '/Game/MilitaryWeapDark'
[2015.03.03-17.25.40:636][  0]LogRenderer:Warning: Reallocating scene render targets to support 376x312 (Frame:2).
[2015.03.03-17.28.44:609][ 17]LogAssetRegistry: Asset discovery search completed in 758.9550 seconds
[2015.03.03-17.34.22:654][ 61]LogSynthBenchmark:Display: FSynthBenchmark (V0.95):  requested WorkScale=1.00
[2015.03.03-17.34.22:654][ 61]LogSynthBenchmark:Display: ===============
[2015.03.03-17.34.22:654][ 61]LogSynthBenchmark:Display: Main Processor:
[2015.03.03-17.34.28:721][ 61]LogSynthBenchmark:Display:          ... 6.014201 s/Run 'RayIntersect'
[2015.03.03-17.34.28:721][ 61]LogSynthBenchmark:Display:          ... 0.052415 s/Run 'Fractal'
[2015.03.03-17.34.28:721][ 61]LogSynthBenchmark:Display: 
[2015.03.03-17.34.28:722][ 61]LogSynthBenchmark:Display:   CompiledTarget_x_Bits: 64
[2015.03.03-17.34.28:722][ 61]LogSynthBenchmark:Display:   UE_BUILD_SHIPPING: 0
[2015.03.03-17.34.28:722][ 61]LogSynthBenchmark:Display:   UE_BUILD_TEST: 0
[2015.03.03-17.34.28:722][ 61]LogSynthBenchmark:Display:   UE_BUILD_DEBUG: 0
[2015.03.03-17.34.28:722][ 61]LogSynthBenchmark:Display:   TotalPhysicalGBRam: 4
[2015.03.03-17.34.28:722][ 61]LogSynthBenchmark:Display:   NumberOfCores (physical): 2
[2015.03.03-17.34.28:722][ 61]LogSynthBenchmark:Display:   NumberOfCores (logical): 2
[2015.03.03-17.34.28:722][ 61]LogSynthBenchmark:Display:   CPU Perf Index 0: 0.4
[2015.03.03-17.34.28:722][ 61]LogSynthBenchmark:Display:   CPU Perf Index 1: 54.6
[2015.03.03-17.34.28:722][ 61]LogSynthBenchmark:Display:  
[2015.03.03-17.34.28:722][ 61]LogSynthBenchmark:Display: Graphics:
[2015.03.03-17.34.28:722][ 61]LogSynthBenchmark:Display:   Adapter Name: 'ATI Mobility Radeon HD 4300 Series'
[2015.03.03-17.34.28:722][ 61]LogSynthBenchmark:Display:   (On Optimus the name might be wrong, memory should be ok)
[2015.03.03-17.34.28:722][ 61]LogSynthBenchmark:Display:   Vendor Id: 0x1002
[2015.03.03-17.34.28:722][ 61]LogSynthBenchmark:Display:   GPU Memory: 506/0/1775 MB
[2015.03.03-17.34.34:637][ 61]LogSynthBenchmark:Display:   GPU first test: 0.16s
[2015.03.03-17.34.34:637][ 61]LogSynthBenchmark:Display:          ... 0.101 GigaPix/s, Confidence=89% 'ALUHeavyNoise' (likely to be very inaccurate)
[2015.03.03-17.34.34:637][ 61]LogSynthBenchmark:Display:          ... 0.157 GigaPix/s, Confidence=89% 'TexHeavy' (likely to be very inaccurate)
[2015.03.03-17.34.34:637][ 61]LogSynthBenchmark:Display:          ... 0.069 GigaPix/s, Confidence=89% 'DepTexHeavy' (likely to be very inaccurate)
[2015.03.03-17.34.34:637][ 61]LogSynthBenchmark:Display:          ... 0.430 GigaPix/s, Confidence=89% 'FillOnly' (likely to be very inaccurate)
[2015.03.03-17.34.34:637][ 61]LogSynthBenchmark:Display:          ... 0.045 GigaPix/s, Confidence=89% 'Bandwidth' (likely to be very inaccurate)
[2015.03.03-17.34.34:637][ 61]LogSynthBenchmark:Display:          ... 0.101 GigaPix/s, Confidence=89% 'ALUHeavyNoise'
[2015.03.03-17.34.34:637][ 61]LogSynthBenchmark:Display:          ... 0.157 GigaPix/s, Confidence=89% 'TexHeavy'
[2015.03.03-17.34.34:637][ 61]LogSynthBenchmark:Display:          ... 0.069 GigaPix/s, Confidence=89% 'DepTexHeavy'
[2015.03.03-17.34.34:637][ 61]LogSynthBenchmark:Display:          ... 0.430 GigaPix/s, Confidence=89% 'FillOnly'
[2015.03.03-17.34.34:637][ 61]LogSynthBenchmark:Display:          ... 0.045 GigaPix/s, Confidence=89% 'Bandwidth'
[2015.03.03-17.34.34:637][ 61]LogSynthBenchmark:Display: 
[2015.03.03-17.34.34:637][ 61]LogSynthBenchmark:Display:   GPU Perf Index 0: 2.2
[2015.03.03-17.34.34:637][ 61]LogSynthBenchmark:Display:   GPU Perf Index 1: 2.1
[2015.03.03-17.34.34:637][ 61]LogSynthBenchmark:Display:   GPU Perf Index 2: 1.8
[2015.03.03-17.34.34:637][ 61]LogSynthBenchmark:Display:   GPU Perf Index 3: 1.7
[2015.03.03-17.34.34:637][ 61]LogSynthBenchmark:Display:   GPU Perf Index 4: 4.2
[2015.03.03-17.34.34:637][ 61]LogSynthBenchmark:Display:   CPUIndex: 0.4
[2015.03.03-17.34.34:637][ 61]LogSynthBenchmark:Display:   GPUIndex: 2.2
[2015.03.03-17.34.34:637][ 61]LogSynthBenchmark:Display: 
[2015.03.03-17.34.34:637][ 61]LogSynthBenchmark:Display:          ... Total Time: 11.982812 sec
[2015.03.03-17.34.34:638][ 61]LogConsoleManager:Warning: Console variable 'r.Streaming.PoolSize' wasn't set (Priority Code < Scalability)
[2015.03.03-17.34.34:638]